18 мар 2016 16:51:59,915[main] INFO  - com.epam.brest.course2015.dao.CarDaoJdbcImpl #getCountOfCarsByProducerId([0]): Integer:3 in 51 ms
18 мар 2016 16:52:00,038[main] INFO  - com.epam.brest.course2015.dao.CarDaoJdbcImpl #getPagingList([1, 2]): ArrayList:[Car: {carId=0, carName='5dr, dateOfCreation=2015-10-14, producerId=0, producerName=toyota}, Car: {carId=1, carName='3hr, dateOfCreation=2015-10-13, producerId=0, producerName=toyota}] in 109 ms
18 мар 2016 16:52:00,047[main] INFO  - com.epam.brest.course2015.dao.CarDaoJdbcImpl #getCarById([2]): Car:Car: {carId=2, carName='6ks, dateOfCreation=2015-10-11, producerId=0, producerName=toyota} in 2 ms
18 мар 2016 16:52:00,057[main] INFO  - com.epam.brest.course2015.dao.CarDaoJdbcImpl #updateCar([Car: {carId=2, carName='6yu, dateOfCreation=2015-10-11, producerId=0, producerName=toyota}]): void in 10 ms
18 мар 2016 16:52:00,060[main] INFO  - com.epam.brest.course2015.dao.CarDaoJdbcImpl #getCarById([2]): Car:Car: {carId=2, carName='6yu, dateOfCreation=2015-10-11, producerId=0, producerName=toyota} in 2 ms
18 мар 2016 16:52:00,070[main] INFO  - com.epam.brest.course2015.dao.CarDaoJdbcImpl #getAllCars([]): ArrayList:[Car: {carId=0, carName='5dr, dateOfCreation=2015-10-14, producerId=0, producerName=toyota}, Car: {carId=1, carName='3hr, dateOfCreation=2015-10-13, producerId=0, producerName=toyota}, Car: {carId=2, carName='6ks, dateOfCreation=2015-10-11, producerId=0, producerName=toyota}] in 3 ms
18 мар 2016 16:52:00,082[main] INFO  - com.epam.brest.course2015.dao.CarDaoJdbcImpl #getAllCars([]): ArrayList:[Car: {carId=0, carName='5dr, dateOfCreation=2015-10-14, producerId=0, producerName=toyota}, Car: {carId=1, carName='3hr, dateOfCreation=2015-10-13, producerId=0, producerName=toyota}, Car: {carId=2, carName='6ks, dateOfCreation=2015-10-11, producerId=0, producerName=toyota}] in 2 ms
18 мар 2016 16:52:00,091[main] INFO  - com.epam.brest.course2015.dao.CarDaoJdbcImpl #deleteCar([1]): void in 6 ms
18 мар 2016 16:52:00,093[main] INFO  - com.epam.brest.course2015.dao.CarDaoJdbcImpl #getAllCars([]): ArrayList:[Car: {carId=0, carName='5dr, dateOfCreation=2015-10-14, producerId=0, producerName=toyota}, Car: {carId=2, carName='6ks, dateOfCreation=2015-10-11, producerId=0, producerName=toyota}] in 1 ms
18 мар 2016 16:52:00,107[main] INFO  - com.epam.brest.course2015.dao.CarDaoJdbcImpl #getCarById([1]): Car:Car: {carId=1, carName='3hr, dateOfCreation=2015-10-13, producerId=0, producerName=toyota} in 1 ms
18 мар 2016 16:52:00,136[main] INFO  - com.epam.brest.course2015.dao.CarDaoJdbcImpl #addCar([Car: {carId=null, carName='9rt, dateOfCreation=2015-12-11, producerId=0, producerName=null}]): Integer:3 in 6 ms
18 мар 2016 16:52:00,138[main] INFO  - com.epam.brest.course2015.dao.CarDaoJdbcImpl #getCarById([3]): Car:Car: {carId=3, carName='9rt, dateOfCreation=2015-12-11, producerId=0, producerName=toyota} in 2 ms
18 мар 2016 16:52:00,147[main] INFO  - com.epam.brest.course2015.dao.CarDaoJdbcImpl #getCountCarsById([1]): Integer:1 in 1 ms
18 мар 2016 16:52:00,163[main] INFO  - com.epam.brest.course2015.dao.CarDaoJdbcImpl #getListOfCarsByDateOfCreation([2015-10-12, 2015-10-15]): ArrayList:[Car: {carId=0, carName='5dr, dateOfCreation=2015-10-14, producerId=0, producerName=toyota}, Car: {carId=1, carName='3hr, dateOfCreation=2015-10-13, producerId=0, producerName=toyota}] in 5 ms
18 мар 2016 16:52:00,247[main] INFO  - com.epam.brest.course2015.dao.ProducerDaoJdbcImpl #updateProducer([Producer: {producerId=0, producerName='newname!, country=newcountry!, countOfCars=0
Cars: null}]): void in 20 ms
18 мар 2016 16:52:00,262[main] INFO  - com.epam.brest.course2015.dao.ProducerDaoJdbcImpl #getProducerById([0]): Producer:Producer: {producerId=0, producerName='newname!, country=newcountry!, countOfCars=0
Cars: null} in 14 ms
18 мар 2016 16:52:00,269[main] INFO  - com.epam.brest.course2015.dao.ProducerDaoJdbcImpl #getTotalCount([]): Integer:2 in 1 ms
18 мар 2016 16:52:00,272[main] INFO  - com.epam.brest.course2015.dao.ProducerDaoJdbcImpl #deleteProducer([0]): void in 2 ms
18 мар 2016 16:52:00,273[main] INFO  - com.epam.brest.course2015.dao.ProducerDaoJdbcImpl #countCarsByProducerId([0]): Integer:0 in 1 ms
18 мар 2016 16:52:00,275[main] INFO  - com.epam.brest.course2015.dao.ProducerDaoJdbcImpl #getTotalCount([]): Integer:1 in 0 ms
18 мар 2016 16:52:00,283[main] INFO  - com.epam.brest.course2015.dao.ProducerDaoJdbcImpl #getAllProducers([]): ArrayList:[Producer: {producerId=0, producerName='toyota, country=Korea, countOfCars=0
Cars: null}, Producer: {producerId=1, producerName='toyot, country=Kor, countOfCars=0
Cars: null}] in 2 ms
18 мар 2016 16:52:00,290[main] INFO  - com.epam.brest.course2015.dao.ProducerDaoJdbcImpl #addProducer([Producer: {producerId=null, producerName='toyota, country=korea, countOfCars=0
Cars: null}]): Integer:2 in 1 ms
18 мар 2016 16:52:00,305[main] INFO  - com.epam.brest.course2015.dao.ProducerDaoJdbcImpl #countCarsByProducerId([0]): Integer:3 in 1 ms
18 мар 2016 16:52:00,312[main] INFO  - com.epam.brest.course2015.dao.ProducerDaoJdbcImpl #getProducerById([1]): Producer:Producer: {producerId=1, producerName='toyot, country=Kor, countOfCars=0
Cars: null} in 1 ms
22 мар 2016 00:07:05,999[main] INFO  - com.epam.brest.course2015.dao.CarDaoJdbcImpl #getCountOfCarsByProducerId([0]): Integer:3 in 106 ms
22 мар 2016 00:07:06,144[main] INFO  - com.epam.brest.course2015.dao.CarDaoJdbcImpl #getPagingList([1, 2]): ArrayList:[Car: {carId=0, carName='5dr, dateOfCreation=2015-10-14, producerId=0, producerName=toyota}, Car: {carId=1, carName='3hr, dateOfCreation=2015-10-13, producerId=0, producerName=toyota}] in 109 ms
22 мар 2016 00:07:06,153[main] INFO  - com.epam.brest.course2015.dao.CarDaoJdbcImpl #getCarById([2]): Car:Car: {carId=2, carName='6ks, dateOfCreation=2015-10-11, producerId=0, producerName=toyota} in 1 ms
22 мар 2016 00:07:06,159[main] INFO  - com.epam.brest.course2015.dao.CarDaoJdbcImpl #updateCar([Car: {carId=2, carName='6yu, dateOfCreation=2015-10-11, producerId=0, producerName=toyota}]): void in 6 ms
22 мар 2016 00:07:06,161[main] INFO  - com.epam.brest.course2015.dao.CarDaoJdbcImpl #getCarById([2]): Car:Car: {carId=2, carName='6yu, dateOfCreation=2015-10-11, producerId=0, producerName=toyota} in 1 ms
22 мар 2016 00:07:06,171[main] INFO  - com.epam.brest.course2015.dao.CarDaoJdbcImpl #getAllCars([]): ArrayList:[Car: {carId=0, carName='5dr, dateOfCreation=2015-10-14, producerId=0, producerName=toyota}, Car: {carId=1, carName='3hr, dateOfCreation=2015-10-13, producerId=0, producerName=toyota}, Car: {carId=2, carName='6ks, dateOfCreation=2015-10-11, producerId=0, producerName=toyota}] in 2 ms
22 мар 2016 00:07:06,180[main] INFO  - com.epam.brest.course2015.dao.CarDaoJdbcImpl #getAllCars([]): ArrayList:[Car: {carId=0, carName='5dr, dateOfCreation=2015-10-14, producerId=0, producerName=toyota}, Car: {carId=1, carName='3hr, dateOfCreation=2015-10-13, producerId=0, producerName=toyota}, Car: {carId=2, carName='6ks, dateOfCreation=2015-10-11, producerId=0, producerName=toyota}] in 1 ms
22 мар 2016 00:07:06,181[main] INFO  - com.epam.brest.course2015.dao.CarDaoJdbcImpl #deleteCar([1]): void in 1 ms
22 мар 2016 00:07:06,184[main] INFO  - com.epam.brest.course2015.dao.CarDaoJdbcImpl #getAllCars([]): ArrayList:[Car: {carId=0, carName='5dr, dateOfCreation=2015-10-14, producerId=0, producerName=toyota}, Car: {carId=2, carName='6ks, dateOfCreation=2015-10-11, producerId=0, producerName=toyota}] in 1 ms
22 мар 2016 00:07:06,195[main] INFO  - com.epam.brest.course2015.dao.CarDaoJdbcImpl #getCarById([1]): Car:Car: {carId=1, carName='3hr, dateOfCreation=2015-10-13, producerId=0, producerName=toyota} in 2 ms
22 мар 2016 00:07:06,233[main] INFO  - com.epam.brest.course2015.dao.CarDaoJdbcImpl #addCar([Car: {carId=null, carName='9rt, dateOfCreation=2015-12-11, producerId=0, producerName=null}]): Integer:3 in 7 ms
22 мар 2016 00:07:06,244[main] INFO  - com.epam.brest.course2015.dao.CarDaoJdbcImpl #getCarById([3]): Car:Car: {carId=3, carName='9rt, dateOfCreation=2015-12-11, producerId=0, producerName=toyota} in 9 ms
22 мар 2016 00:07:06,258[main] INFO  - com.epam.brest.course2015.dao.CarDaoJdbcImpl #getCountCarsById([1]): Integer:1 in 1 ms
22 мар 2016 00:07:06,277[main] INFO  - com.epam.brest.course2015.dao.CarDaoJdbcImpl #getListOfCarsByDateOfCreation([2015-10-12, 2015-10-15]): ArrayList:[Car: {carId=0, carName='5dr, dateOfCreation=2015-10-14, producerId=0, producerName=toyota}, Car: {carId=1, carName='3hr, dateOfCreation=2015-10-13, producerId=0, producerName=toyota}] in 2 ms
22 мар 2016 00:07:06,348[main] INFO  - com.epam.brest.course2015.dao.ProducerDaoJdbcImpl #updateProducer([Producer: {producerId=0, producerName='newname!, country=newcountry!, countOfCars=0
Cars: null}]): void in 21 ms
22 мар 2016 00:07:06,364[main] INFO  - com.epam.brest.course2015.dao.ProducerDaoJdbcImpl #getProducerById([0]): Producer:Producer: {producerId=0, producerName='newname!, country=newcountry!, countOfCars=0
Cars: null} in 14 ms
22 мар 2016 00:07:06,373[main] INFO  - com.epam.brest.course2015.dao.ProducerDaoJdbcImpl #getTotalCount([]): Integer:2 in 1 ms
22 мар 2016 00:07:06,376[main] INFO  - com.epam.brest.course2015.dao.ProducerDaoJdbcImpl #deleteProducer([0]): void in 2 ms
22 мар 2016 00:07:06,378[main] INFO  - com.epam.brest.course2015.dao.ProducerDaoJdbcImpl #countCarsByProducerId([0]): Integer:0 in 0 ms
22 мар 2016 00:07:06,379[main] INFO  - com.epam.brest.course2015.dao.ProducerDaoJdbcImpl #getTotalCount([]): Integer:1 in 1 ms
22 мар 2016 00:07:06,398[main] INFO  - com.epam.brest.course2015.dao.ProducerDaoJdbcImpl #getAllProducers([]): ArrayList:[Producer: {producerId=0, producerName='toyota, country=Korea, countOfCars=0
Cars: null}, Producer: {producerId=1, producerName='toyot, country=Kor, countOfCars=0
Cars: null}] in 2 ms
22 мар 2016 00:07:06,411[main] INFO  - com.epam.brest.course2015.dao.ProducerDaoJdbcImpl #addProducer([Producer: {producerId=null, producerName='toyota, country=korea, countOfCars=0
Cars: null}]): Integer:2 in 1 ms
22 мар 2016 00:07:06,420[main] INFO  - com.epam.brest.course2015.dao.ProducerDaoJdbcImpl #countCarsByProducerId([0]): Integer:3 in 1 ms
22 мар 2016 00:07:06,430[main] INFO  - com.epam.brest.course2015.dao.ProducerDaoJdbcImpl #getProducerById([1]): Producer:Producer: {producerId=1, producerName='toyot, country=Kor, countOfCars=0
Cars: null} in 1 ms
22 мар 2016 23:08:38,494[main] INFO  - com.epam.brest.course2015.dao.CarDaoJdbcImpl #getCountOfCarsByProducerId([0]): Integer:3 in 60 ms
22 мар 2016 23:08:38,648[main] INFO  - com.epam.brest.course2015.dao.CarDaoJdbcImpl #getPagingList([1, 2]): ArrayList:[Car: {carId=0, carName='5dr, dateOfCreation=2015-10-14, producerId=0, producerName=toyota}, Car: {carId=1, carName='3hr, dateOfCreation=2015-10-13, producerId=0, producerName=toyota}] in 122 ms
22 мар 2016 23:08:38,658[main] INFO  - com.epam.brest.course2015.dao.CarDaoJdbcImpl #getCarById([2]): Car:Car: {carId=2, carName='6ks, dateOfCreation=2015-10-11, producerId=0, producerName=toyota} in 1 ms
22 мар 2016 23:08:38,668[main] INFO  - com.epam.brest.course2015.dao.CarDaoJdbcImpl #updateCar([Car: {carId=2, carName='6yu, dateOfCreation=2015-10-11, producerId=0, producerName=toyota}]): void in 8 ms
22 мар 2016 23:08:38,670[main] INFO  - com.epam.brest.course2015.dao.CarDaoJdbcImpl #getCarById([2]): Car:Car: {carId=2, carName='6yu, dateOfCreation=2015-10-11, producerId=0, producerName=toyota} in 2 ms
22 мар 2016 23:08:38,681[main] INFO  - com.epam.brest.course2015.dao.CarDaoJdbcImpl #getAllCars([]): ArrayList:[Car: {carId=0, carName='5dr, dateOfCreation=2015-10-14, producerId=0, producerName=toyota}, Car: {carId=1, carName='3hr, dateOfCreation=2015-10-13, producerId=0, producerName=toyota}, Car: {carId=2, carName='6ks, dateOfCreation=2015-10-11, producerId=0, producerName=toyota}] in 3 ms
22 мар 2016 23:08:38,696[main] INFO  - com.epam.brest.course2015.dao.CarDaoJdbcImpl #getAllCars([]): ArrayList:[Car: {carId=0, carName='5dr, dateOfCreation=2015-10-14, producerId=0, producerName=toyota}, Car: {carId=1, carName='3hr, dateOfCreation=2015-10-13, producerId=0, producerName=toyota}, Car: {carId=2, carName='6ks, dateOfCreation=2015-10-11, producerId=0, producerName=toyota}] in 2 ms
22 мар 2016 23:08:38,700[main] INFO  - com.epam.brest.course2015.dao.CarDaoJdbcImpl #deleteCar([1]): void in 1 ms
22 мар 2016 23:08:38,705[main] INFO  - com.epam.brest.course2015.dao.CarDaoJdbcImpl #getAllCars([]): ArrayList:[Car: {carId=0, carName='5dr, dateOfCreation=2015-10-14, producerId=0, producerName=toyota}, Car: {carId=2, carName='6ks, dateOfCreation=2015-10-11, producerId=0, producerName=toyota}] in 2 ms
22 мар 2016 23:08:38,724[main] INFO  - com.epam.brest.course2015.dao.CarDaoJdbcImpl #getCarById([1]): Car:Car: {carId=1, carName='3hr, dateOfCreation=2015-10-13, producerId=0, producerName=toyota} in 5 ms
22 мар 2016 23:08:38,762[main] INFO  - com.epam.brest.course2015.dao.CarDaoJdbcImpl #addCar([Car: {carId=null, carName='9rt, dateOfCreation=2015-12-11, producerId=0, producerName=null}]): Integer:3 in 7 ms
22 мар 2016 23:08:38,769[main] INFO  - com.epam.brest.course2015.dao.CarDaoJdbcImpl #getCarById([3]): Car:Car: {carId=3, carName='9rt, dateOfCreation=2015-12-11, producerId=0, producerName=toyota} in 7 ms
22 мар 2016 23:08:38,784[main] INFO  - com.epam.brest.course2015.dao.CarDaoJdbcImpl #getCountCarsById([1]): Integer:1 in 1 ms
22 мар 2016 23:08:38,812[main] INFO  - com.epam.brest.course2015.dao.CarDaoJdbcImpl #getListOfCarsByDateOfCreation([2015-10-12, 2015-10-15]): ArrayList:[Car: {carId=0, carName='5dr, dateOfCreation=2015-10-14, producerId=0, producerName=toyota}, Car: {carId=1, carName='3hr, dateOfCreation=2015-10-13, producerId=0, producerName=toyota}] in 7 ms
22 мар 2016 23:08:38,934[main] INFO  - com.epam.brest.course2015.dao.ProducerDaoJdbcImpl #updateProducer([Producer: {producerId=0, producerName='newname!, country=newcountry!, countOfCars=0
Cars: null}]): void in 33 ms
22 мар 2016 23:08:38,955[main] INFO  - com.epam.brest.course2015.dao.ProducerDaoJdbcImpl #getProducerById([0]): Producer:Producer: {producerId=0, producerName='newname!, country=newcountry!, countOfCars=0
Cars: null} in 20 ms
22 мар 2016 23:08:38,963[main] INFO  - com.epam.brest.course2015.dao.ProducerDaoJdbcImpl #getTotalCount([]): Integer:2 in 1 ms
22 мар 2016 23:08:38,967[main] INFO  - com.epam.brest.course2015.dao.ProducerDaoJdbcImpl #deleteProducer([0]): void in 2 ms
22 мар 2016 23:08:38,968[main] INFO  - com.epam.brest.course2015.dao.ProducerDaoJdbcImpl #countCarsByProducerId([0]): Integer:0 in 1 ms
22 мар 2016 23:08:38,970[main] INFO  - com.epam.brest.course2015.dao.ProducerDaoJdbcImpl #getTotalCount([]): Integer:1 in 1 ms
22 мар 2016 23:08:38,979[main] INFO  - com.epam.brest.course2015.dao.ProducerDaoJdbcImpl #getAllProducers([]): ArrayList:[Producer: {producerId=0, producerName='toyota, country=Korea, countOfCars=0
Cars: null}, Producer: {producerId=1, producerName='toyot, country=Kor, countOfCars=0
Cars: null}] in 3 ms
22 мар 2016 23:08:38,986[main] INFO  - com.epam.brest.course2015.dao.ProducerDaoJdbcImpl #addProducer([Producer: {producerId=null, producerName='toyota, country=korea, countOfCars=0
Cars: null}]): Integer:2 in 1 ms
22 мар 2016 23:08:38,992[main] INFO  - com.epam.brest.course2015.dao.ProducerDaoJdbcImpl #countCarsByProducerId([0]): Integer:3 in 1 ms
22 мар 2016 23:08:39,000[main] INFO  - com.epam.brest.course2015.dao.ProducerDaoJdbcImpl #getProducerById([1]): Producer:Producer: {producerId=1, producerName='toyot, country=Kor, countOfCars=0
Cars: null} in 2 ms
22 мар 2016 23:16:14,737[main] INFO  - com.epam.brest.course2015.dao.CarDaoJdbcImpl #getCountOfCarsByProducerId([0]): Integer:3 in 62 ms
22 мар 2016 23:16:14,861[main] INFO  - com.epam.brest.course2015.dao.CarDaoJdbcImpl #getPagingList([1, 2]): ArrayList:[Car: {carId=0, carName='5dr, dateOfCreation=2015-10-14, producerId=0, producerName=toyota}, Car: {carId=1, carName='3hr, dateOfCreation=2015-10-13, producerId=0, producerName=toyota}] in 110 ms
22 мар 2016 23:16:14,871[main] INFO  - com.epam.brest.course2015.dao.CarDaoJdbcImpl #getCarById([2]): Car:Car: {carId=2, carName='6ks, dateOfCreation=2015-10-11, producerId=0, producerName=toyota} in 2 ms
22 мар 2016 23:16:14,881[main] INFO  - com.epam.brest.course2015.dao.CarDaoJdbcImpl #updateCar([Car: {carId=2, carName='6yu, dateOfCreation=2015-10-11, producerId=0, producerName=toyota}]): void in 10 ms
22 мар 2016 23:16:14,883[main] INFO  - com.epam.brest.course2015.dao.CarDaoJdbcImpl #getCarById([2]): Car:Car: {carId=2, carName='6yu, dateOfCreation=2015-10-11, producerId=0, producerName=toyota} in 2 ms
22 мар 2016 23:16:14,894[main] INFO  - com.epam.brest.course2015.dao.CarDaoJdbcImpl #getAllCars([]): ArrayList:[Car: {carId=0, carName='5dr, dateOfCreation=2015-10-14, producerId=0, producerName=toyota}, Car: {carId=1, carName='3hr, dateOfCreation=2015-10-13, producerId=0, producerName=toyota}, Car: {carId=2, carName='6ks, dateOfCreation=2015-10-11, producerId=0, producerName=toyota}] in 2 ms
22 мар 2016 23:16:14,904[main] INFO  - com.epam.brest.course2015.dao.CarDaoJdbcImpl #getAllCars([]): ArrayList:[Car: {carId=0, carName='5dr, dateOfCreation=2015-10-14, producerId=0, producerName=toyota}, Car: {carId=1, carName='3hr, dateOfCreation=2015-10-13, producerId=0, producerName=toyota}, Car: {carId=2, carName='6ks, dateOfCreation=2015-10-11, producerId=0, producerName=toyota}] in 2 ms
22 мар 2016 23:16:14,906[main] INFO  - com.epam.brest.course2015.dao.CarDaoJdbcImpl #deleteCar([1]): void in 1 ms
22 мар 2016 23:16:14,908[main] INFO  - com.epam.brest.course2015.dao.CarDaoJdbcImpl #getAllCars([]): ArrayList:[Car: {carId=0, carName='5dr, dateOfCreation=2015-10-14, producerId=0, producerName=toyota}, Car: {carId=2, carName='6ks, dateOfCreation=2015-10-11, producerId=0, producerName=toyota}] in 1 ms
22 мар 2016 23:16:14,946[main] INFO  - com.epam.brest.course2015.dao.CarDaoJdbcImpl #getCarById([1]): Car:Car: {carId=1, carName='3hr, dateOfCreation=2015-10-13, producerId=0, producerName=toyota} in 1 ms
22 мар 2016 23:16:15,000[main] INFO  - com.epam.brest.course2015.dao.CarDaoJdbcImpl #addCar([Car: {carId=null, carName='9rt, dateOfCreation=2015-12-11, producerId=0, producerName=null}]): Integer:3 in 5 ms
22 мар 2016 23:16:15,002[main] INFO  - com.epam.brest.course2015.dao.CarDaoJdbcImpl #getCarById([3]): Car:Car: {carId=3, carName='9rt, dateOfCreation=2015-12-11, producerId=0, producerName=toyota} in 2 ms
22 мар 2016 23:16:15,011[main] INFO  - com.epam.brest.course2015.dao.CarDaoJdbcImpl #getCountCarsById([1]): Integer:1 in 1 ms
22 мар 2016 23:16:15,021[main] INFO  - com.epam.brest.course2015.dao.CarDaoJdbcImpl #getListOfCarsByDateOfCreation([2015-10-12, 2015-10-15]): ArrayList:[Car: {carId=0, carName='5dr, dateOfCreation=2015-10-14, producerId=0, producerName=toyota}, Car: {carId=1, carName='3hr, dateOfCreation=2015-10-13, producerId=0, producerName=toyota}] in 2 ms
22 мар 2016 23:16:15,110[main] INFO  - com.epam.brest.course2015.dao.ProducerDaoJdbcImpl #updateProducer([Producer: {producerId=0, producerName='newname!, country=newcountry!, countOfCars=0
Cars: null}]): void in 28 ms
22 мар 2016 23:16:15,129[main] INFO  - com.epam.brest.course2015.dao.ProducerDaoJdbcImpl #getProducerById([0]): Producer:Producer: {producerId=0, producerName='newname!, country=newcountry!, countOfCars=0
Cars: null} in 16 ms
22 мар 2016 23:16:15,138[main] INFO  - com.epam.brest.course2015.dao.ProducerDaoJdbcImpl #getTotalCount([]): Integer:2 in 1 ms
22 мар 2016 23:16:15,141[main] INFO  - com.epam.brest.course2015.dao.ProducerDaoJdbcImpl #deleteProducer([0]): void in 2 ms
22 мар 2016 23:16:15,143[main] INFO  - com.epam.brest.course2015.dao.ProducerDaoJdbcImpl #countCarsByProducerId([0]): Integer:0 in 0 ms
22 мар 2016 23:16:15,144[main] INFO  - com.epam.brest.course2015.dao.ProducerDaoJdbcImpl #getTotalCount([]): Integer:1 in 1 ms
22 мар 2016 23:16:15,163[main] INFO  - com.epam.brest.course2015.dao.ProducerDaoJdbcImpl #getAllProducers([]): ArrayList:[Producer: {producerId=0, producerName='toyota, country=Korea, countOfCars=0
Cars: null}, Producer: {producerId=1, producerName='toyot, country=Kor, countOfCars=0
Cars: null}] in 2 ms
22 мар 2016 23:16:15,179[main] INFO  - com.epam.brest.course2015.dao.ProducerDaoJdbcImpl #addProducer([Producer: {producerId=null, producerName='toyota, country=korea, countOfCars=0
Cars: null}]): Integer:2 in 2 ms
22 мар 2016 23:16:15,187[main] INFO  - com.epam.brest.course2015.dao.ProducerDaoJdbcImpl #countCarsByProducerId([0]): Integer:3 in 1 ms
22 мар 2016 23:16:15,196[main] INFO  - com.epam.brest.course2015.dao.ProducerDaoJdbcImpl #getProducerById([1]): Producer:Producer: {producerId=1, producerName='toyot, country=Kor, countOfCars=0
Cars: null} in 2 ms
23 мар 2016 13:47:20,408[main] INFO  - com.epam.brest.course2015.dao.CarDaoJdbcImpl #getCountOfCarsByProducerId([0]): Integer:3 in 62 ms
23 мар 2016 13:47:20,545[main] INFO  - com.epam.brest.course2015.dao.CarDaoJdbcImpl #getPagingList([1, 2]): ArrayList:[Car: {carId=0, carName='5dr, dateOfCreation=2015-10-14, producerId=0, producerName=toyota}, Car: {carId=1, carName='3hr, dateOfCreation=2015-10-13, producerId=0, producerName=toyota}] in 106 ms
23 мар 2016 13:47:20,556[main] INFO  - com.epam.brest.course2015.dao.CarDaoJdbcImpl #getCarById([2]): Car:Car: {carId=2, carName='6ks, dateOfCreation=2015-10-11, producerId=0, producerName=toyota} in 2 ms
23 мар 2016 13:47:20,565[main] INFO  - com.epam.brest.course2015.dao.CarDaoJdbcImpl #updateCar([Car: {carId=2, carName='6yu, dateOfCreation=2015-10-11, producerId=0, producerName=toyota}]): void in 8 ms
23 мар 2016 13:47:20,567[main] INFO  - com.epam.brest.course2015.dao.CarDaoJdbcImpl #getCarById([2]): Car:Car: {carId=2, carName='6yu, dateOfCreation=2015-10-11, producerId=0, producerName=toyota} in 1 ms
23 мар 2016 13:47:20,578[main] INFO  - com.epam.brest.course2015.dao.CarDaoJdbcImpl #getAllCars([]): ArrayList:[Car: {carId=0, carName='5dr, dateOfCreation=2015-10-14, producerId=0, producerName=toyota}, Car: {carId=1, carName='3hr, dateOfCreation=2015-10-13, producerId=0, producerName=toyota}, Car: {carId=2, carName='6ks, dateOfCreation=2015-10-11, producerId=0, producerName=toyota}] in 3 ms
23 мар 2016 13:47:20,588[main] INFO  - com.epam.brest.course2015.dao.CarDaoJdbcImpl #getAllCars([]): ArrayList:[Car: {carId=0, carName='5dr, dateOfCreation=2015-10-14, producerId=0, producerName=toyota}, Car: {carId=1, carName='3hr, dateOfCreation=2015-10-13, producerId=0, producerName=toyota}, Car: {carId=2, carName='6ks, dateOfCreation=2015-10-11, producerId=0, producerName=toyota}] in 1 ms
23 мар 2016 13:47:20,589[main] INFO  - com.epam.brest.course2015.dao.CarDaoJdbcImpl #deleteCar([1]): void in 0 ms
23 мар 2016 13:47:20,592[main] INFO  - com.epam.brest.course2015.dao.CarDaoJdbcImpl #getAllCars([]): ArrayList:[Car: {carId=0, carName='5dr, dateOfCreation=2015-10-14, producerId=0, producerName=toyota}, Car: {carId=2, carName='6ks, dateOfCreation=2015-10-11, producerId=0, producerName=toyota}] in 1 ms
23 мар 2016 13:47:20,601[main] INFO  - com.epam.brest.course2015.dao.CarDaoJdbcImpl #getCarById([1]): Car:Car: {carId=1, carName='3hr, dateOfCreation=2015-10-13, producerId=0, producerName=toyota} in 1 ms
23 мар 2016 13:47:20,641[main] INFO  - com.epam.brest.course2015.dao.CarDaoJdbcImpl #addCar([Car: {carId=null, carName='9rt, dateOfCreation=2015-12-11, producerId=0, producerName=null}]): Integer:3 in 15 ms
23 мар 2016 13:47:20,645[main] INFO  - com.epam.brest.course2015.dao.CarDaoJdbcImpl #getCarById([3]): Car:Car: {carId=3, carName='9rt, dateOfCreation=2015-12-11, producerId=0, producerName=toyota} in 3 ms
23 мар 2016 13:47:20,656[main] INFO  - com.epam.brest.course2015.dao.CarDaoJdbcImpl #getCountCarsById([1]): Integer:1 in 1 ms
23 мар 2016 13:47:20,667[main] INFO  - com.epam.brest.course2015.dao.CarDaoJdbcImpl #getListOfCarsByDateOfCreation([2015-10-12, 2015-10-15]): ArrayList:[Car: {carId=0, carName='5dr, dateOfCreation=2015-10-14, producerId=0, producerName=toyota}, Car: {carId=1, carName='3hr, dateOfCreation=2015-10-13, producerId=0, producerName=toyota}] in 2 ms
23 мар 2016 13:47:20,791[main] INFO  - com.epam.brest.course2015.dao.ProducerDaoJdbcImpl #updateProducer([Producer: {producerId=0, producerName='newname!, country=newcountry!, countOfCars=0
Cars: null}]): void in 21 ms
23 мар 2016 13:47:20,810[main] INFO  - com.epam.brest.course2015.dao.ProducerDaoJdbcImpl #getProducerById([0]): Producer:Producer: {producerId=0, producerName='newname!, country=newcountry!, countOfCars=0
Cars: null} in 17 ms
23 мар 2016 13:47:20,817[main] INFO  - com.epam.brest.course2015.dao.ProducerDaoJdbcImpl #getTotalCount([]): Integer:2 in 0 ms
23 мар 2016 13:47:20,820[main] INFO  - com.epam.brest.course2015.dao.ProducerDaoJdbcImpl #deleteProducer([0]): void in 2 ms
23 мар 2016 13:47:20,821[main] INFO  - com.epam.brest.course2015.dao.ProducerDaoJdbcImpl #countCarsByProducerId([0]): Integer:0 in 1 ms
23 мар 2016 13:47:20,822[main] INFO  - com.epam.brest.course2015.dao.ProducerDaoJdbcImpl #getTotalCount([]): Integer:1 in 0 ms
23 мар 2016 13:47:20,831[main] INFO  - com.epam.brest.course2015.dao.ProducerDaoJdbcImpl #getAllProducers([]): ArrayList:[Producer: {producerId=0, producerName='toyota, country=Korea, countOfCars=0
Cars: null}, Producer: {producerId=1, producerName='toyot, country=Kor, countOfCars=0
Cars: null}] in 2 ms
23 мар 2016 13:47:20,838[main] INFO  - com.epam.brest.course2015.dao.ProducerDaoJdbcImpl #addProducer([Producer: {producerId=null, producerName='toyota, country=korea, countOfCars=0
Cars: null}]): Integer:2 in 1 ms
23 мар 2016 13:47:20,845[main] INFO  - com.epam.brest.course2015.dao.ProducerDaoJdbcImpl #countCarsByProducerId([0]): Integer:3 in 1 ms
23 мар 2016 13:47:20,854[main] INFO  - com.epam.brest.course2015.dao.ProducerDaoJdbcImpl #getProducerById([1]): Producer:Producer: {producerId=1, producerName='toyot, country=Kor, countOfCars=0
Cars: null} in 1 ms
03 Apr 2016 16:55:41,519[main] INFO  - com.epam.brest.course2015.dao.CarDaoJdbcImpl #getCountOfCarsByProducerId([0]): Integer:3 in 58 ms
03 Apr 2016 16:55:41,655[main] INFO  - com.epam.brest.course2015.dao.CarDaoJdbcImpl #getPagingList([1, 2]): ArrayList:[Car: {carId=0, carName='5dr, dateOfCreation=2015-10-14, producerId=0, producerName=toyota}, Car: {carId=1, carName='3hr, dateOfCreation=2015-10-13, producerId=0, producerName=toyota}] in 93 ms
03 Apr 2016 16:55:41,664[main] INFO  - com.epam.brest.course2015.dao.CarDaoJdbcImpl #getCarById([2]): Car:Car: {carId=2, carName='6ks, dateOfCreation=2015-10-11, producerId=0, producerName=toyota} in 2 ms
03 Apr 2016 16:55:41,671[main] INFO  - com.epam.brest.course2015.dao.CarDaoJdbcImpl #updateCar([Car: {carId=2, carName='6yu, dateOfCreation=2015-10-11, producerId=0, producerName=toyota}]): void in 6 ms
03 Apr 2016 16:55:41,673[main] INFO  - com.epam.brest.course2015.dao.CarDaoJdbcImpl #getCarById([2]): Car:Car: {carId=2, carName='6yu, dateOfCreation=2015-10-11, producerId=0, producerName=toyota} in 1 ms
03 Apr 2016 16:55:41,683[main] INFO  - com.epam.brest.course2015.dao.CarDaoJdbcImpl #getAllCars([]): ArrayList:[Car: {carId=0, carName='5dr, dateOfCreation=2015-10-14, producerId=0, producerName=toyota}, Car: {carId=1, carName='3hr, dateOfCreation=2015-10-13, producerId=0, producerName=toyota}, Car: {carId=2, carName='6ks, dateOfCreation=2015-10-11, producerId=0, producerName=toyota}] in 3 ms
03 Apr 2016 16:55:41,692[main] INFO  - com.epam.brest.course2015.dao.CarDaoJdbcImpl #getAllCars([]): ArrayList:[Car: {carId=0, carName='5dr, dateOfCreation=2015-10-14, producerId=0, producerName=toyota}, Car: {carId=1, carName='3hr, dateOfCreation=2015-10-13, producerId=0, producerName=toyota}, Car: {carId=2, carName='6ks, dateOfCreation=2015-10-11, producerId=0, producerName=toyota}] in 1 ms
03 Apr 2016 16:55:41,693[main] INFO  - com.epam.brest.course2015.dao.CarDaoJdbcImpl #deleteCar([1]): void in 1 ms
03 Apr 2016 16:55:41,695[main] INFO  - com.epam.brest.course2015.dao.CarDaoJdbcImpl #getAllCars([]): ArrayList:[Car: {carId=0, carName='5dr, dateOfCreation=2015-10-14, producerId=0, producerName=toyota}, Car: {carId=2, carName='6ks, dateOfCreation=2015-10-11, producerId=0, producerName=toyota}] in 1 ms
03 Apr 2016 16:55:41,704[main] INFO  - com.epam.brest.course2015.dao.CarDaoJdbcImpl #getCarById([1]): Car:Car: {carId=1, carName='3hr, dateOfCreation=2015-10-13, producerId=0, producerName=toyota} in 1 ms
03 Apr 2016 16:55:41,730[main] INFO  - com.epam.brest.course2015.dao.CarDaoJdbcImpl #addCar([Car: {carId=null, carName='9rt, dateOfCreation=2015-12-11, producerId=0, producerName=null}]): Integer:3 in 6 ms
03 Apr 2016 16:55:41,732[main] INFO  - com.epam.brest.course2015.dao.CarDaoJdbcImpl #getCarById([3]): Car:Car: {carId=3, carName='9rt, dateOfCreation=2015-12-11, producerId=0, producerName=toyota} in 1 ms
03 Apr 2016 16:55:41,741[main] INFO  - com.epam.brest.course2015.dao.CarDaoJdbcImpl #getCountCarsById([1]): Integer:1 in 1 ms
03 Apr 2016 16:55:41,750[main] INFO  - com.epam.brest.course2015.dao.CarDaoJdbcImpl #getListOfCarsByDateOfCreation([2015-10-12, 2015-10-15]): ArrayList:[Car: {carId=0, carName='5dr, dateOfCreation=2015-10-14, producerId=0, producerName=toyota}, Car: {carId=1, carName='3hr, dateOfCreation=2015-10-13, producerId=0, producerName=toyota}] in 2 ms
03 Apr 2016 16:55:41,839[main] INFO  - com.epam.brest.course2015.dao.ProducerDaoJdbcImpl #updateProducer([Producer: {producerId=0, producerName='newname!, country=newcountry!, countOfCars=0
Cars: null}]): void in 26 ms
03 Apr 2016 16:55:41,858[main] INFO  - com.epam.brest.course2015.dao.ProducerDaoJdbcImpl #getProducerById([0]): Producer:Producer: {producerId=0, producerName='newname!, country=newcountry!, countOfCars=0
Cars: null} in 18 ms
03 Apr 2016 16:55:41,865[main] INFO  - com.epam.brest.course2015.dao.ProducerDaoJdbcImpl #getTotalCount([]): Integer:2 in 1 ms
03 Apr 2016 16:55:41,867[main] INFO  - com.epam.brest.course2015.dao.ProducerDaoJdbcImpl #deleteProducer([0]): void in 2 ms
03 Apr 2016 16:55:41,868[main] INFO  - com.epam.brest.course2015.dao.ProducerDaoJdbcImpl #countCarsByProducerId([0]): Integer:0 in 1 ms
03 Apr 2016 16:55:41,870[main] INFO  - com.epam.brest.course2015.dao.ProducerDaoJdbcImpl #getTotalCount([]): Integer:1 in 0 ms
03 Apr 2016 16:55:41,878[main] INFO  - com.epam.brest.course2015.dao.ProducerDaoJdbcImpl #getAllProducers([]): ArrayList:[Producer: {producerId=0, producerName='toyota, country=Korea, countOfCars=0
Cars: null}, Producer: {producerId=1, producerName='toyot, country=Kor, countOfCars=0
Cars: null}] in 2 ms
03 Apr 2016 16:55:41,886[main] INFO  - com.epam.brest.course2015.dao.ProducerDaoJdbcImpl #addProducer([Producer: {producerId=null, producerName='toyota, country=korea, countOfCars=0
Cars: null}]): Integer:2 in 1 ms
03 Apr 2016 16:55:41,893[main] INFO  - com.epam.brest.course2015.dao.ProducerDaoJdbcImpl #countCarsByProducerId([0]): Integer:3 in 1 ms
03 Apr 2016 16:55:41,901[main] INFO  - com.epam.brest.course2015.dao.ProducerDaoJdbcImpl #getProducerById([1]): Producer:Producer: {producerId=1, producerName='toyot, country=Kor, countOfCars=0
Cars: null} in 2 ms
03 Apr 2016 17:02:32,580[main] INFO  - com.epam.brest.course2015.dao.CarDaoJdbcImpl #getCountOfCarsByProducerId([0]): Integer:3 in 68 ms
03 Apr 2016 17:02:32,698[main] INFO  - com.epam.brest.course2015.dao.CarDaoJdbcImpl #getPagingList([1, 2]): ArrayList:[Car: {carId=0, carName='5dr, dateOfCreation=2015-10-14, producerId=0, producerName=toyota}, Car: {carId=1, carName='3hr, dateOfCreation=2015-10-13, producerId=0, producerName=toyota}] in 105 ms
03 Apr 2016 17:02:32,713[main] INFO  - com.epam.brest.course2015.dao.CarDaoJdbcImpl #getCarById([2]): Car:Car: {carId=2, carName='6ks, dateOfCreation=2015-10-11, producerId=0, producerName=toyota} in 2 ms
03 Apr 2016 17:02:32,723[main] INFO  - com.epam.brest.course2015.dao.CarDaoJdbcImpl #updateCar([Car: {carId=2, carName='6yu, dateOfCreation=2015-10-11, producerId=0, producerName=toyota}]): void in 9 ms
03 Apr 2016 17:02:32,725[main] INFO  - com.epam.brest.course2015.dao.CarDaoJdbcImpl #getCarById([2]): Car:Car: {carId=2, carName='6yu, dateOfCreation=2015-10-11, producerId=0, producerName=toyota} in 1 ms
03 Apr 2016 17:02:32,751[main] INFO  - com.epam.brest.course2015.dao.CarDaoJdbcImpl #getAllCars([]): ArrayList:[Car: {carId=0, carName='5dr, dateOfCreation=2015-10-14, producerId=0, producerName=toyota}, Car: {carId=1, carName='3hr, dateOfCreation=2015-10-13, producerId=0, producerName=toyota}, Car: {carId=2, carName='6ks, dateOfCreation=2015-10-11, producerId=0, producerName=toyota}] in 2 ms
03 Apr 2016 17:02:32,774[main] INFO  - com.epam.brest.course2015.dao.CarDaoJdbcImpl #getAllCars([]): ArrayList:[Car: {carId=0, carName='5dr, dateOfCreation=2015-10-14, producerId=0, producerName=toyota}, Car: {carId=1, carName='3hr, dateOfCreation=2015-10-13, producerId=0, producerName=toyota}, Car: {carId=2, carName='6ks, dateOfCreation=2015-10-11, producerId=0, producerName=toyota}] in 1 ms
03 Apr 2016 17:02:32,776[main] INFO  - com.epam.brest.course2015.dao.CarDaoJdbcImpl #deleteCar([1]): void in 0 ms
03 Apr 2016 17:02:32,779[main] INFO  - com.epam.brest.course2015.dao.CarDaoJdbcImpl #getAllCars([]): ArrayList:[Car: {carId=0, carName='5dr, dateOfCreation=2015-10-14, producerId=0, producerName=toyota}, Car: {carId=2, carName='6ks, dateOfCreation=2015-10-11, producerId=0, producerName=toyota}] in 2 ms
03 Apr 2016 17:02:32,809[main] INFO  - com.epam.brest.course2015.dao.CarDaoJdbcImpl #getCarById([1]): Car:Car: {carId=1, carName='3hr, dateOfCreation=2015-10-13, producerId=0, producerName=toyota} in 11 ms
03 Apr 2016 17:02:32,860[main] INFO  - com.epam.brest.course2015.dao.CarDaoJdbcImpl #addCar([Car: {carId=null, carName='9rt, dateOfCreation=2015-12-11, producerId=0, producerName=null}]): Integer:3 in 10 ms
03 Apr 2016 17:02:32,869[main] INFO  - com.epam.brest.course2015.dao.CarDaoJdbcImpl #getCarById([3]): Car:Car: {carId=3, carName='9rt, dateOfCreation=2015-12-11, producerId=0, producerName=toyota} in 8 ms
03 Apr 2016 17:02:32,894[main] INFO  - com.epam.brest.course2015.dao.CarDaoJdbcImpl #getCountCarsById([1]): Integer:1 in 3 ms
03 Apr 2016 17:02:32,928[main] INFO  - com.epam.brest.course2015.dao.CarDaoJdbcImpl #getListOfCarsByDateOfCreation([2015-10-12, 2015-10-15]): ArrayList:[Car: {carId=0, carName='5dr, dateOfCreation=2015-10-14, producerId=0, producerName=toyota}, Car: {carId=1, carName='3hr, dateOfCreation=2015-10-13, producerId=0, producerName=toyota}] in 9 ms
03 Apr 2016 17:02:33,052[main] INFO  - com.epam.brest.course2015.dao.ProducerDaoJdbcImpl #updateProducer([Producer: {producerId=0, producerName='newname!, country=newcountry!, countOfCars=0
Cars: null}]): void in 26 ms
03 Apr 2016 17:02:33,069[main] INFO  - com.epam.brest.course2015.dao.ProducerDaoJdbcImpl #getProducerById([0]): Producer:Producer: {producerId=0, producerName='newname!, country=newcountry!, countOfCars=0
Cars: null} in 15 ms
03 Apr 2016 17:02:33,079[main] INFO  - com.epam.brest.course2015.dao.ProducerDaoJdbcImpl #getTotalCount([]): Integer:2 in 2 ms
03 Apr 2016 17:02:33,082[main] INFO  - com.epam.brest.course2015.dao.ProducerDaoJdbcImpl #deleteProducer([0]): void in 2 ms
03 Apr 2016 17:02:33,084[main] INFO  - com.epam.brest.course2015.dao.ProducerDaoJdbcImpl #countCarsByProducerId([0]): Integer:0 in 1 ms
03 Apr 2016 17:02:33,086[main] INFO  - com.epam.brest.course2015.dao.ProducerDaoJdbcImpl #getTotalCount([]): Integer:1 in 1 ms
03 Apr 2016 17:02:33,108[main] INFO  - com.epam.brest.course2015.dao.ProducerDaoJdbcImpl #getAllProducers([]): ArrayList:[Producer: {producerId=0, producerName='toyota, country=Korea, countOfCars=0
Cars: null}, Producer: {producerId=1, producerName='toyot, country=Kor, countOfCars=0
Cars: null}] in 4 ms
03 Apr 2016 17:02:33,137[main] INFO  - com.epam.brest.course2015.dao.ProducerDaoJdbcImpl #addProducer([Producer: {producerId=null, producerName='toyota, country=korea, countOfCars=0
Cars: null}]): Integer:2 in 5 ms
03 Apr 2016 17:02:33,163[main] INFO  - com.epam.brest.course2015.dao.ProducerDaoJdbcImpl #countCarsByProducerId([0]): Integer:3 in 2 ms
03 Apr 2016 17:02:33,186[main] INFO  - com.epam.brest.course2015.dao.ProducerDaoJdbcImpl #getProducerById([1]): Producer:Producer: {producerId=1, producerName='toyot, country=Kor, countOfCars=0
Cars: null} in 3 ms
03 Apr 2016 17:09:07,560[main] INFO  - com.epam.brest.course2015.dao.CarDaoJdbcImpl #getCountOfCarsByProducerId([0]): Integer:3 in 62 ms
03 Apr 2016 17:09:07,667[main] INFO  - com.epam.brest.course2015.dao.CarDaoJdbcImpl #getPagingList([1, 2]): ArrayList:[Car: {carId=0, carName='5dr, dateOfCreation=2015-10-14, producerId=0, producerName=toyota}, Car: {carId=1, carName='3hr, dateOfCreation=2015-10-13, producerId=0, producerName=toyota}] in 98 ms
03 Apr 2016 17:09:07,674[main] INFO  - com.epam.brest.course2015.dao.CarDaoJdbcImpl #getCarById([2]): Car:Car: {carId=2, carName='6ks, dateOfCreation=2015-10-11, producerId=0, producerName=toyota} in 1 ms
03 Apr 2016 17:09:07,683[main] INFO  - com.epam.brest.course2015.dao.CarDaoJdbcImpl #updateCar([Car: {carId=2, carName='6yu, dateOfCreation=2015-10-11, producerId=0, producerName=toyota}]): void in 8 ms
03 Apr 2016 17:09:07,685[main] INFO  - com.epam.brest.course2015.dao.CarDaoJdbcImpl #getCarById([2]): Car:Car: {carId=2, carName='6yu, dateOfCreation=2015-10-11, producerId=0, producerName=toyota} in 1 ms
03 Apr 2016 17:09:07,699[main] INFO  - com.epam.brest.course2015.dao.CarDaoJdbcImpl #getAllCars([]): ArrayList:[Car: {carId=0, carName='5dr, dateOfCreation=2015-10-14, producerId=0, producerName=toyota}, Car: {carId=1, carName='3hr, dateOfCreation=2015-10-13, producerId=0, producerName=toyota}, Car: {carId=2, carName='6ks, dateOfCreation=2015-10-11, producerId=0, producerName=toyota}] in 2 ms
03 Apr 2016 17:09:07,712[main] INFO  - com.epam.brest.course2015.dao.CarDaoJdbcImpl #getAllCars([]): ArrayList:[Car: {carId=0, carName='5dr, dateOfCreation=2015-10-14, producerId=0, producerName=toyota}, Car: {carId=1, carName='3hr, dateOfCreation=2015-10-13, producerId=0, producerName=toyota}, Car: {carId=2, carName='6ks, dateOfCreation=2015-10-11, producerId=0, producerName=toyota}] in 2 ms
03 Apr 2016 17:09:07,714[main] INFO  - com.epam.brest.course2015.dao.CarDaoJdbcImpl #deleteCar([1]): void in 1 ms
03 Apr 2016 17:09:07,715[main] INFO  - com.epam.brest.course2015.dao.CarDaoJdbcImpl #getAllCars([]): ArrayList:[Car: {carId=0, carName='5dr, dateOfCreation=2015-10-14, producerId=0, producerName=toyota}, Car: {carId=2, carName='6ks, dateOfCreation=2015-10-11, producerId=0, producerName=toyota}] in 1 ms
03 Apr 2016 17:09:07,723[main] INFO  - com.epam.brest.course2015.dao.CarDaoJdbcImpl #getCarById([1]): Car:Car: {carId=1, carName='3hr, dateOfCreation=2015-10-13, producerId=0, producerName=toyota} in 1 ms
03 Apr 2016 17:09:07,777[main] INFO  - com.epam.brest.course2015.dao.CarDaoJdbcImpl #addCar([Car: {carId=null, carName='9rt, dateOfCreation=2015-12-11, producerId=0, producerName=null}]): Integer:3 in 9 ms
03 Apr 2016 17:09:07,783[main] INFO  - com.epam.brest.course2015.dao.CarDaoJdbcImpl #getCarById([3]): Car:Car: {carId=3, carName='9rt, dateOfCreation=2015-12-11, producerId=0, producerName=toyota} in 5 ms
03 Apr 2016 17:09:07,790[main] INFO  - com.epam.brest.course2015.dao.CarDaoJdbcImpl #getCountCarsById([1]): Integer:1 in 1 ms
03 Apr 2016 17:09:07,797[main] INFO  - com.epam.brest.course2015.dao.CarDaoJdbcImpl #getListOfCarsByDateOfCreation([2015-10-12, 2015-10-15]): ArrayList:[Car: {carId=0, carName='5dr, dateOfCreation=2015-10-14, producerId=0, producerName=toyota}, Car: {carId=1, carName='3hr, dateOfCreation=2015-10-13, producerId=0, producerName=toyota}] in 1 ms
03 Apr 2016 17:09:07,883[main] INFO  - com.epam.brest.course2015.dao.ProducerDaoJdbcImpl #updateProducer([Producer: {producerId=0, producerName='newname!, country=newcountry!, countOfCars=0
Cars: null}]): void in 29 ms
03 Apr 2016 17:09:07,900[main] INFO  - com.epam.brest.course2015.dao.ProducerDaoJdbcImpl #getProducerById([0]): Producer:Producer: {producerId=0, producerName='newname!, country=newcountry!, countOfCars=0
Cars: null} in 14 ms
03 Apr 2016 17:09:07,908[main] INFO  - com.epam.brest.course2015.dao.ProducerDaoJdbcImpl #getTotalCount([]): Integer:2 in 0 ms
03 Apr 2016 17:09:07,909[main] INFO  - com.epam.brest.course2015.dao.ProducerDaoJdbcImpl #deleteProducer([0]): void in 1 ms
03 Apr 2016 17:09:07,910[main] INFO  - com.epam.brest.course2015.dao.ProducerDaoJdbcImpl #countCarsByProducerId([0]): Integer:0 in 1 ms
03 Apr 2016 17:09:07,911[main] INFO  - com.epam.brest.course2015.dao.ProducerDaoJdbcImpl #getTotalCount([]): Integer:1 in 0 ms
03 Apr 2016 17:09:07,918[main] INFO  - com.epam.brest.course2015.dao.ProducerDaoJdbcImpl #getAllProducers([]): ArrayList:[Producer: {producerId=0, producerName='toyota, country=Korea, countOfCars=0
Cars: null}, Producer: {producerId=1, producerName='toyot, country=Kor, countOfCars=0
Cars: null}] in 1 ms
03 Apr 2016 17:09:07,923[main] INFO  - com.epam.brest.course2015.dao.ProducerDaoJdbcImpl #addProducer([Producer: {producerId=null, producerName='toyota, country=korea, countOfCars=0
Cars: null}]): Integer:2 in 1 ms
03 Apr 2016 17:09:07,929[main] INFO  - com.epam.brest.course2015.dao.ProducerDaoJdbcImpl #countCarsByProducerId([0]): Integer:3 in 1 ms
03 Apr 2016 17:09:07,939[main] INFO  - com.epam.brest.course2015.dao.ProducerDaoJdbcImpl #getProducerById([1]): Producer:Producer: {producerId=1, producerName='toyot, country=Kor, countOfCars=0
Cars: null} in 3 ms
03 Apr 2016 17:32:02,624[main] INFO  - com.epam.brest.course2015.dao.CarDaoJdbcImpl #getCountOfCarsByProducerId([0]): Integer:3 in 61 ms
03 Apr 2016 17:32:02,788[main] INFO  - com.epam.brest.course2015.dao.CarDaoJdbcImpl #getPagingList([1, 2]): ArrayList:[Car: {carId=0, carName='5dr, dateOfCreation=2015-10-14, producerId=0, producerName=toyota}, Car: {carId=1, carName='3hr, dateOfCreation=2015-10-13, producerId=0, producerName=toyota}] in 126 ms
03 Apr 2016 17:32:02,798[main] INFO  - com.epam.brest.course2015.dao.CarDaoJdbcImpl #getCarById([2]): Car:Car: {carId=2, carName='6ks, dateOfCreation=2015-10-11, producerId=0, producerName=toyota} in 1 ms
03 Apr 2016 17:32:02,811[main] INFO  - com.epam.brest.course2015.dao.CarDaoJdbcImpl #updateCar([Car: {carId=2, carName='6yu, dateOfCreation=2015-10-11, producerId=0, producerName=toyota}]): void in 12 ms
03 Apr 2016 17:32:02,816[main] INFO  - com.epam.brest.course2015.dao.CarDaoJdbcImpl #getCarById([2]): Car:Car: {carId=2, carName='6yu, dateOfCreation=2015-10-11, producerId=0, producerName=toyota} in 3 ms
03 Apr 2016 17:32:02,829[main] INFO  - com.epam.brest.course2015.dao.CarDaoJdbcImpl #getAllCars([]): ArrayList:[Car: {carId=0, carName='5dr, dateOfCreation=2015-10-14, producerId=0, producerName=toyota}, Car: {carId=1, carName='3hr, dateOfCreation=2015-10-13, producerId=0, producerName=toyota}, Car: {carId=2, carName='6ks, dateOfCreation=2015-10-11, producerId=0, producerName=toyota}] in 2 ms
03 Apr 2016 17:32:02,839[main] INFO  - com.epam.brest.course2015.dao.CarDaoJdbcImpl #getAllCars([]): ArrayList:[Car: {carId=0, carName='5dr, dateOfCreation=2015-10-14, producerId=0, producerName=toyota}, Car: {carId=1, carName='3hr, dateOfCreation=2015-10-13, producerId=0, producerName=toyota}, Car: {carId=2, carName='6ks, dateOfCreation=2015-10-11, producerId=0, producerName=toyota}] in 2 ms
03 Apr 2016 17:32:02,843[main] INFO  - com.epam.brest.course2015.dao.CarDaoJdbcImpl #deleteCar([1]): void in 3 ms
03 Apr 2016 17:32:02,849[main] INFO  - com.epam.brest.course2015.dao.CarDaoJdbcImpl #getAllCars([]): ArrayList:[Car: {carId=0, carName='5dr, dateOfCreation=2015-10-14, producerId=0, producerName=toyota}, Car: {carId=2, carName='6ks, dateOfCreation=2015-10-11, producerId=0, producerName=toyota}] in 4 ms
03 Apr 2016 17:32:02,871[main] INFO  - com.epam.brest.course2015.dao.CarDaoJdbcImpl #getCarById([1]): Car:Car: {carId=1, carName='3hr, dateOfCreation=2015-10-13, producerId=0, producerName=toyota} in 7 ms
03 Apr 2016 17:32:02,910[main] INFO  - com.epam.brest.course2015.dao.CarDaoJdbcImpl #addCar([Car: {carId=null, carName='9rt, dateOfCreation=2015-12-11, producerId=0, producerName=null}]): Integer:3 in 15 ms
03 Apr 2016 17:32:02,913[main] INFO  - com.epam.brest.course2015.dao.CarDaoJdbcImpl #getCarById([3]): Car:Car: {carId=3, carName='9rt, dateOfCreation=2015-12-11, producerId=0, producerName=toyota} in 1 ms
03 Apr 2016 17:32:02,941[main] INFO  - com.epam.brest.course2015.dao.CarDaoJdbcImpl #getCountCarsById([1]): Integer:1 in 3 ms
03 Apr 2016 17:32:02,964[main] INFO  - com.epam.brest.course2015.dao.CarDaoJdbcImpl #getListOfCarsByDateOfCreation([2015-10-12, 2015-10-15]): ArrayList:[Car: {carId=0, carName='5dr, dateOfCreation=2015-10-14, producerId=0, producerName=toyota}, Car: {carId=1, carName='3hr, dateOfCreation=2015-10-13, producerId=0, producerName=toyota}] in 4 ms
03 Apr 2016 17:32:03,064[main] INFO  - com.epam.brest.course2015.dao.ProducerDaoJdbcImpl #updateProducer([Producer: {producerId=0, producerName='newname!, country=newcountry!, countOfCars=0
Cars: null}]): void in 32 ms
03 Apr 2016 17:32:03,089[main] INFO  - com.epam.brest.course2015.dao.ProducerDaoJdbcImpl #getProducerById([0]): Producer:Producer: {producerId=0, producerName='newname!, country=newcountry!, countOfCars=0
Cars: null} in 23 ms
03 Apr 2016 17:32:03,101[main] INFO  - com.epam.brest.course2015.dao.ProducerDaoJdbcImpl #getTotalCount([]): Integer:2 in 0 ms
03 Apr 2016 17:32:03,104[main] INFO  - com.epam.brest.course2015.dao.ProducerDaoJdbcImpl #deleteProducer([0]): void in 3 ms
03 Apr 2016 17:32:03,106[main] INFO  - com.epam.brest.course2015.dao.ProducerDaoJdbcImpl #countCarsByProducerId([0]): Integer:0 in 1 ms
03 Apr 2016 17:32:03,107[main] INFO  - com.epam.brest.course2015.dao.ProducerDaoJdbcImpl #getTotalCount([]): Integer:1 in 1 ms
03 Apr 2016 17:32:03,130[main] INFO  - com.epam.brest.course2015.dao.ProducerDaoJdbcImpl #getAllProducers([]): ArrayList:[Producer: {producerId=0, producerName='toyota, country=Korea, countOfCars=0
Cars: null}, Producer: {producerId=1, producerName='toyot, country=Kor, countOfCars=0
Cars: null}] in 3 ms
03 Apr 2016 17:32:03,169[main] INFO  - com.epam.brest.course2015.dao.ProducerDaoJdbcImpl #addProducer([Producer: {producerId=null, producerName='toyota, country=korea, countOfCars=0
Cars: null}]): Integer:2 in 2 ms
03 Apr 2016 17:32:03,180[main] INFO  - com.epam.brest.course2015.dao.ProducerDaoJdbcImpl #countCarsByProducerId([0]): Integer:3 in 1 ms
03 Apr 2016 17:32:03,224[main] INFO  - com.epam.brest.course2015.dao.ProducerDaoJdbcImpl #getProducerById([1]): Producer:Producer: {producerId=1, producerName='toyot, country=Kor, countOfCars=0
Cars: null} in 2 ms
04 Apr 2016 21:45:40,677[main] INFO  - com.epam.brest.course2015.dao.CarDaoJdbcImpl #getCountOfCarsByProducerId([0]): Integer:3 in 48 ms
04 Apr 2016 21:45:40,819[main] INFO  - com.epam.brest.course2015.dao.CarDaoJdbcImpl #getPagingList([1, 2]): ArrayList:[Car: {carId=0, carName='5dr, dateOfCreation=2015-10-14, producerId=0, producerName=toyota}, Car: {carId=1, carName='3hr, dateOfCreation=2015-10-13, producerId=0, producerName=toyota}] in 91 ms
04 Apr 2016 21:45:40,828[main] INFO  - com.epam.brest.course2015.dao.CarDaoJdbcImpl #getCarById([2]): Car:Car: {carId=2, carName='6ks, dateOfCreation=2015-10-11, producerId=0, producerName=toyota} in 1 ms
04 Apr 2016 21:45:40,837[main] INFO  - com.epam.brest.course2015.dao.CarDaoJdbcImpl #updateCar([Car: {carId=2, carName='6yu, dateOfCreation=2015-10-11, producerId=0, producerName=toyota}]): void in 7 ms
04 Apr 2016 21:45:40,839[main] INFO  - com.epam.brest.course2015.dao.CarDaoJdbcImpl #getCarById([2]): Car:Car: {carId=2, carName='6yu, dateOfCreation=2015-10-11, producerId=0, producerName=toyota} in 2 ms
04 Apr 2016 21:45:40,849[main] INFO  - com.epam.brest.course2015.dao.CarDaoJdbcImpl #getAllCars([]): ArrayList:[Car: {carId=0, carName='5dr, dateOfCreation=2015-10-14, producerId=0, producerName=toyota}, Car: {carId=1, carName='3hr, dateOfCreation=2015-10-13, producerId=0, producerName=toyota}, Car: {carId=2, carName='6ks, dateOfCreation=2015-10-11, producerId=0, producerName=toyota}] in 2 ms
04 Apr 2016 21:45:40,859[main] INFO  - com.epam.brest.course2015.dao.CarDaoJdbcImpl #getAllCars([]): ArrayList:[Car: {carId=0, carName='5dr, dateOfCreation=2015-10-14, producerId=0, producerName=toyota}, Car: {carId=1, carName='3hr, dateOfCreation=2015-10-13, producerId=0, producerName=toyota}, Car: {carId=2, carName='6ks, dateOfCreation=2015-10-11, producerId=0, producerName=toyota}] in 2 ms
04 Apr 2016 21:45:40,861[main] INFO  - com.epam.brest.course2015.dao.CarDaoJdbcImpl #deleteCar([1]): void in 1 ms
04 Apr 2016 21:45:40,863[main] INFO  - com.epam.brest.course2015.dao.CarDaoJdbcImpl #getAllCars([]): ArrayList:[Car: {carId=0, carName='5dr, dateOfCreation=2015-10-14, producerId=0, producerName=toyota}, Car: {carId=2, carName='6ks, dateOfCreation=2015-10-11, producerId=0, producerName=toyota}] in 1 ms
04 Apr 2016 21:45:40,871[main] INFO  - com.epam.brest.course2015.dao.CarDaoJdbcImpl #getCarById([1]): Car:Car: {carId=1, carName='3hr, dateOfCreation=2015-10-13, producerId=0, producerName=toyota} in 1 ms
04 Apr 2016 21:45:40,897[main] INFO  - com.epam.brest.course2015.dao.CarDaoJdbcImpl #addCar([Car: {carId=null, carName='9rt, dateOfCreation=2015-12-11, producerId=0, producerName=null}]): Integer:3 in 5 ms
04 Apr 2016 21:45:40,899[main] INFO  - com.epam.brest.course2015.dao.CarDaoJdbcImpl #getCarById([3]): Car:Car: {carId=3, carName='9rt, dateOfCreation=2015-12-11, producerId=0, producerName=toyota} in 1 ms
04 Apr 2016 21:45:40,907[main] INFO  - com.epam.brest.course2015.dao.CarDaoJdbcImpl #getCountCarsById([1]): Integer:1 in 1 ms
04 Apr 2016 21:45:40,919[main] INFO  - com.epam.brest.course2015.dao.CarDaoJdbcImpl #getListOfCarsByDateOfCreation([2015-10-12, 2015-10-15]): ArrayList:[Car: {carId=0, carName='5dr, dateOfCreation=2015-10-14, producerId=0, producerName=toyota}, Car: {carId=1, carName='3hr, dateOfCreation=2015-10-13, producerId=0, producerName=toyota}] in 2 ms
04 Apr 2016 21:45:40,992[main] INFO  - com.epam.brest.course2015.dao.ProducerDaoJdbcImpl #updateProducer([Producer: {producerId=0, producerName='newname!, country=newcountry!, countOfCars=0
Cars: null}]): void in 29 ms
04 Apr 2016 21:45:41,006[main] INFO  - com.epam.brest.course2015.dao.ProducerDaoJdbcImpl #getProducerById([0]): Producer:Producer: {producerId=0, producerName='newname!, country=newcountry!, countOfCars=0
Cars: null} in 13 ms
04 Apr 2016 21:45:41,013[main] INFO  - com.epam.brest.course2015.dao.ProducerDaoJdbcImpl #getTotalCount([]): Integer:2 in 0 ms
04 Apr 2016 21:45:41,016[main] INFO  - com.epam.brest.course2015.dao.ProducerDaoJdbcImpl #deleteProducer([0]): void in 2 ms
04 Apr 2016 21:45:41,017[main] INFO  - com.epam.brest.course2015.dao.ProducerDaoJdbcImpl #countCarsByProducerId([0]): Integer:0 in 1 ms
04 Apr 2016 21:45:41,018[main] INFO  - com.epam.brest.course2015.dao.ProducerDaoJdbcImpl #getTotalCount([]): Integer:1 in 0 ms
04 Apr 2016 21:45:41,032[main] INFO  - com.epam.brest.course2015.dao.ProducerDaoJdbcImpl #getAllProducers([]): ArrayList:[Producer: {producerId=0, producerName='toyota, country=Korea, countOfCars=0
Cars: null}, Producer: {producerId=1, producerName='toyot, country=Kor, countOfCars=0
Cars: null}] in 2 ms
04 Apr 2016 21:45:41,043[main] INFO  - com.epam.brest.course2015.dao.ProducerDaoJdbcImpl #addProducer([Producer: {producerId=null, producerName='toyota, country=korea, countOfCars=0
Cars: null}]): Integer:2 in 1 ms
04 Apr 2016 21:45:41,049[main] INFO  - com.epam.brest.course2015.dao.ProducerDaoJdbcImpl #countCarsByProducerId([0]): Integer:3 in 1 ms
04 Apr 2016 21:45:41,057[main] INFO  - com.epam.brest.course2015.dao.ProducerDaoJdbcImpl #getProducerById([1]): Producer:Producer: {producerId=1, producerName='toyot, country=Kor, countOfCars=0
Cars: null} in 3 ms
