18 мар 2016 16:52:23,773[main] INFO  - com.epam.brest.course2015.provider.CarRestController #updateCar([Car: {carId=0, carName='ert, dateOfCreation=2013-09-15, producerId=1, producerName=null}]): void in 30 ms
18 мар 2016 16:52:23,880[main] INFO  - com.epam.brest.course2015.provider.CarRestController #getCarsDtoByDate([10/10/2015, 15/10/2015]): CarDto:CarDto{cars=null, total=null} in 1 ms
18 мар 2016 16:52:23,963[main] INFO  - com.epam.brest.course2015.provider.CarRestController #getAllCars([]): ArrayList:[Car: {carId=0, carName='null, dateOfCreation=null, producerId=no, producerName=no}, Car: {carId=1, carName='null, dateOfCreation=null, producerId=no, producerName=no}] in 0 ms
18 мар 2016 16:52:24,033[main] INFO  - com.epam.brest.course2015.provider.CarRestController #deleteCar([1]): void in 0 ms
18 мар 2016 16:52:24,130[main] INFO  - com.epam.brest.course2015.provider.CarRestController #getListOfCarsByDateOfCreation([10/10/2015, 15/10/2015]): ArrayList:[Car: {carId=0, carName='null, dateOfCreation=null, producerId=no, producerName=no}, Car: {carId=1, carName='null, dateOfCreation=null, producerId=no, producerName=no}] in 0 ms
18 мар 2016 16:52:24,204[main] INFO  - com.epam.brest.course2015.provider.CarRestController #getCarById([1]): Car:Car: {carId=1, carName='null, dateOfCreation=null, producerId=no, producerName=no} in 0 ms
18 мар 2016 16:52:24,262[main] INFO  - com.epam.brest.course2015.provider.CarRestController #addCar([Car: {carId=null, carName='ert, dateOfCreation=2013-09-15, producerId=1, producerName=null}]): Integer:3 in 0 ms
18 мар 2016 16:52:24,309[main] INFO  - com.epam.brest.course2015.provider.CarRestController #getCarsDto([]): CarDto:CarDto{cars=null, total=null} in 0 ms
18 мар 2016 16:52:24,389[main] INFO  - com.epam.brest.course2015.provider.ProducerRestController #updateProducer([Producer: {producerId=0, producerName='name1, country=country1, countOfCars=0
Cars: null}]): void in 18 ms
18 мар 2016 16:52:24,419[main] INFO  - com.epam.brest.course2015.provider.ProducerRestController #deleteProducer([0]): void in 0 ms
18 мар 2016 16:52:24,451[main] INFO  - com.epam.brest.course2015.provider.ProducerRestController #getAllProducers([]): ArrayList:[Producer: {producerId=0, producerName='null, country=null, countOfCars=0
Cars: null}] in 0 ms
18 мар 2016 16:52:24,492[main] INFO  - com.epam.brest.course2015.provider.ProducerRestController #addProducer([Producer: {producerId=null, producerName='name1, country=country1, countOfCars=0
Cars: null}]): Integer:1 in 0 ms
18 мар 2016 16:52:24,539[main] INFO  - com.epam.brest.course2015.provider.ProducerRestController #getProducerById([0]): Producer:Producer: {producerId=0, producerName='null, country=null, countOfCars=0
Cars: null} in 0 ms
18 мар 2016 16:52:24,574[main] INFO  - com.epam.brest.course2015.provider.ProducerRestController #getProducersDto([]): ProducerDto:ProducerDto{producers=null, total=null} in 0 ms
22 мар 2016 00:07:36,074[main] INFO  - com.epam.brest.course2015.provider.CarRestController #updateCar([Car: {carId=0, carName='ert, dateOfCreation=2013-09-15, producerId=1, producerName=null}]): void in 24 ms
22 мар 2016 00:07:36,184[main] INFO  - com.epam.brest.course2015.provider.CarRestController #getCarsDtoByDate([10/10/2015, 15/10/2015]): CarDto:CarDto{cars=null, total=null} in 1 ms
22 мар 2016 00:07:36,253[main] INFO  - com.epam.brest.course2015.provider.CarRestController #getAllCars([]): ArrayList:[Car: {carId=0, carName='null, dateOfCreation=null, producerId=no, producerName=no}, Car: {carId=1, carName='null, dateOfCreation=null, producerId=no, producerName=no}] in 0 ms
22 мар 2016 00:07:36,311[main] INFO  - com.epam.brest.course2015.provider.CarRestController #deleteCar([1]): void in 0 ms
22 мар 2016 00:07:36,364[main] INFO  - com.epam.brest.course2015.provider.CarRestController #getListOfCarsByDateOfCreation([10/10/2015, 15/10/2015]): ArrayList:[Car: {carId=0, carName='null, dateOfCreation=null, producerId=no, producerName=no}, Car: {carId=1, carName='null, dateOfCreation=null, producerId=no, producerName=no}] in 0 ms
22 мар 2016 00:07:36,421[main] INFO  - com.epam.brest.course2015.provider.CarRestController #getCarById([1]): Car:Car: {carId=1, carName='null, dateOfCreation=null, producerId=no, producerName=no} in 0 ms
22 мар 2016 00:07:36,488[main] INFO  - com.epam.brest.course2015.provider.CarRestController #addCar([Car: {carId=null, carName='ert, dateOfCreation=2013-09-15, producerId=1, producerName=null}]): Integer:3 in 0 ms
22 мар 2016 00:07:36,530[main] INFO  - com.epam.brest.course2015.provider.CarRestController #getCarsDto([]): CarDto:CarDto{cars=null, total=null} in 0 ms
22 мар 2016 00:07:36,623[main] INFO  - com.epam.brest.course2015.provider.ProducerRestController #updateProducer([Producer: {producerId=0, producerName='name1, country=country1, countOfCars=0
Cars: null}]): void in 19 ms
22 мар 2016 00:07:36,677[main] INFO  - com.epam.brest.course2015.provider.ProducerRestController #deleteProducer([0]): void in 0 ms
22 мар 2016 00:07:36,748[main] INFO  - com.epam.brest.course2015.provider.ProducerRestController #getAllProducers([]): ArrayList:[Producer: {producerId=0, producerName='null, country=null, countOfCars=0
Cars: null}] in 0 ms
22 мар 2016 00:07:36,788[main] INFO  - com.epam.brest.course2015.provider.ProducerRestController #addProducer([Producer: {producerId=null, producerName='name1, country=country1, countOfCars=0
Cars: null}]): Integer:1 in 0 ms
22 мар 2016 00:07:36,854[main] INFO  - com.epam.brest.course2015.provider.ProducerRestController #getProducerById([0]): Producer:Producer: {producerId=0, producerName='null, country=null, countOfCars=0
Cars: null} in 0 ms
22 мар 2016 00:07:36,910[main] INFO  - com.epam.brest.course2015.provider.ProducerRestController #getProducersDto([]): ProducerDto:ProducerDto{producers=null, total=null} in 0 ms
22 мар 2016 23:08:59,115[main] INFO  - com.epam.brest.course2015.provider.CarRestController #updateCar([Car: {carId=0, carName='ert, dateOfCreation=2013-09-15, producerId=1, producerName=null}]): void in 21 ms
22 мар 2016 23:08:59,276[main] INFO  - com.epam.brest.course2015.provider.CarRestController #getCarsDtoByDate([10/10/2015, 15/10/2015]): CarDto:CarDto{cars=null, total=null} in 0 ms
22 мар 2016 23:08:59,360[main] INFO  - com.epam.brest.course2015.provider.CarRestController #getAllCars([]): ArrayList:[Car: {carId=0, carName='null, dateOfCreation=null, producerId=no, producerName=no}, Car: {carId=1, carName='null, dateOfCreation=null, producerId=no, producerName=no}] in 0 ms
22 мар 2016 23:08:59,446[main] INFO  - com.epam.brest.course2015.provider.CarRestController #deleteCar([1]): void in 0 ms
22 мар 2016 23:08:59,545[main] INFO  - com.epam.brest.course2015.provider.CarRestController #getListOfCarsByDateOfCreation([10/10/2015, 15/10/2015]): ArrayList:[Car: {carId=0, carName='null, dateOfCreation=null, producerId=no, producerName=no}, Car: {carId=1, carName='null, dateOfCreation=null, producerId=no, producerName=no}] in 1 ms
22 мар 2016 23:08:59,630[main] INFO  - com.epam.brest.course2015.provider.CarRestController #getCarById([1]): Car:Car: {carId=1, carName='null, dateOfCreation=null, producerId=no, producerName=no} in 1 ms
22 мар 2016 23:08:59,696[main] INFO  - com.epam.brest.course2015.provider.CarRestController #addCar([Car: {carId=null, carName='ert, dateOfCreation=2013-09-15, producerId=1, producerName=null}]): Integer:3 in 0 ms
22 мар 2016 23:08:59,734[main] INFO  - com.epam.brest.course2015.provider.CarRestController #getCarsDto([]): CarDto:CarDto{cars=null, total=null} in 1 ms
22 мар 2016 23:08:59,813[main] INFO  - com.epam.brest.course2015.provider.ProducerRestController #updateProducer([Producer: {producerId=0, producerName='name1, country=country1, countOfCars=0
Cars: null}]): void in 17 ms
22 мар 2016 23:08:59,847[main] INFO  - com.epam.brest.course2015.provider.ProducerRestController #deleteProducer([0]): void in 0 ms
22 мар 2016 23:08:59,878[main] INFO  - com.epam.brest.course2015.provider.ProducerRestController #getAllProducers([]): ArrayList:[Producer: {producerId=0, producerName='null, country=null, countOfCars=0
Cars: null}] in 0 ms
22 мар 2016 23:08:59,915[main] INFO  - com.epam.brest.course2015.provider.ProducerRestController #addProducer([Producer: {producerId=null, producerName='name1, country=country1, countOfCars=0
Cars: null}]): Integer:1 in 0 ms
22 мар 2016 23:08:59,960[main] INFO  - com.epam.brest.course2015.provider.ProducerRestController #getProducerById([0]): Producer:Producer: {producerId=0, producerName='null, country=null, countOfCars=0
Cars: null} in 0 ms
22 мар 2016 23:08:59,997[main] INFO  - com.epam.brest.course2015.provider.ProducerRestController #getProducersDto([]): ProducerDto:ProducerDto{producers=null, total=null} in 1 ms
22 мар 2016 23:16:32,036[main] INFO  - com.epam.brest.course2015.provider.CarRestController #updateCar([Car: {carId=0, carName='ert, dateOfCreation=2013-09-15, producerId=1, producerName=null}]): void in 29 ms
22 мар 2016 23:16:32,143[main] INFO  - com.epam.brest.course2015.provider.CarRestController #getCarsDtoByDate([10/10/2015, 15/10/2015]): CarDto:CarDto{cars=null, total=null} in 0 ms
22 мар 2016 23:16:32,225[main] INFO  - com.epam.brest.course2015.provider.CarRestController #getAllCars([]): ArrayList:[Car: {carId=0, carName='null, dateOfCreation=null, producerId=no, producerName=no}, Car: {carId=1, carName='null, dateOfCreation=null, producerId=no, producerName=no}] in 0 ms
22 мар 2016 23:16:32,288[main] INFO  - com.epam.brest.course2015.provider.CarRestController #deleteCar([1]): void in 1 ms
22 мар 2016 23:16:32,363[main] INFO  - com.epam.brest.course2015.provider.CarRestController #getListOfCarsByDateOfCreation([10/10/2015, 15/10/2015]): ArrayList:[Car: {carId=0, carName='null, dateOfCreation=null, producerId=no, producerName=no}, Car: {carId=1, carName='null, dateOfCreation=null, producerId=no, producerName=no}] in 1 ms
22 мар 2016 23:16:32,420[main] INFO  - com.epam.brest.course2015.provider.CarRestController #getCarById([1]): Car:Car: {carId=1, carName='null, dateOfCreation=null, producerId=no, producerName=no} in 0 ms
22 мар 2016 23:16:32,478[main] INFO  - com.epam.brest.course2015.provider.CarRestController #addCar([Car: {carId=null, carName='ert, dateOfCreation=2013-09-15, producerId=1, producerName=null}]): Integer:3 in 0 ms
22 мар 2016 23:16:32,527[main] INFO  - com.epam.brest.course2015.provider.CarRestController #getCarsDto([]): CarDto:CarDto{cars=null, total=null} in 1 ms
22 мар 2016 23:16:32,607[main] INFO  - com.epam.brest.course2015.provider.ProducerRestController #updateProducer([Producer: {producerId=0, producerName='name1, country=country1, countOfCars=0
Cars: null}]): void in 16 ms
22 мар 2016 23:16:32,645[main] INFO  - com.epam.brest.course2015.provider.ProducerRestController #deleteProducer([0]): void in 0 ms
22 мар 2016 23:16:32,678[main] INFO  - com.epam.brest.course2015.provider.ProducerRestController #getAllProducers([]): ArrayList:[Producer: {producerId=0, producerName='null, country=null, countOfCars=0
Cars: null}] in 0 ms
22 мар 2016 23:16:32,723[main] INFO  - com.epam.brest.course2015.provider.ProducerRestController #addProducer([Producer: {producerId=null, producerName='name1, country=country1, countOfCars=0
Cars: null}]): Integer:1 in 0 ms
22 мар 2016 23:16:32,787[main] INFO  - com.epam.brest.course2015.provider.ProducerRestController #getProducerById([0]): Producer:Producer: {producerId=0, producerName='null, country=null, countOfCars=0
Cars: null} in 0 ms
22 мар 2016 23:16:32,822[main] INFO  - com.epam.brest.course2015.provider.ProducerRestController #getProducersDto([]): ProducerDto:ProducerDto{producers=null, total=null} in 0 ms
23 мар 2016 13:47:41,621[main] INFO  - com.epam.brest.course2015.provider.CarRestController #updateCar([Car: {carId=0, carName='ert, dateOfCreation=2013-09-15, producerId=1, producerName=null}]): void in 30 ms
23 мар 2016 13:47:41,748[main] INFO  - com.epam.brest.course2015.provider.CarRestController #getCarsDtoByDate([10/10/2015, 15/10/2015]): CarDto:CarDto{cars=null, total=null} in 0 ms
23 мар 2016 13:47:41,828[main] INFO  - com.epam.brest.course2015.provider.CarRestController #getAllCars([]): ArrayList:[Car: {carId=0, carName='null, dateOfCreation=null, producerId=no, producerName=no}, Car: {carId=1, carName='null, dateOfCreation=null, producerId=no, producerName=no}] in 0 ms
23 мар 2016 13:47:41,885[main] INFO  - com.epam.brest.course2015.provider.CarRestController #deleteCar([1]): void in 0 ms
23 мар 2016 13:47:41,936[main] INFO  - com.epam.brest.course2015.provider.CarRestController #getListOfCarsByDateOfCreation([10/10/2015, 15/10/2015]): ArrayList:[Car: {carId=0, carName='null, dateOfCreation=null, producerId=no, producerName=no}, Car: {carId=1, carName='null, dateOfCreation=null, producerId=no, producerName=no}] in 0 ms
23 мар 2016 13:47:41,990[main] INFO  - com.epam.brest.course2015.provider.CarRestController #getCarById([1]): Car:Car: {carId=1, carName='null, dateOfCreation=null, producerId=no, producerName=no} in 1 ms
23 мар 2016 13:47:42,069[main] INFO  - com.epam.brest.course2015.provider.CarRestController #addCar([Car: {carId=null, carName='ert, dateOfCreation=2013-09-15, producerId=1, producerName=null}]): Integer:3 in 0 ms
23 мар 2016 13:47:42,108[main] INFO  - com.epam.brest.course2015.provider.CarRestController #getCarsDto([]): CarDto:CarDto{cars=null, total=null} in 1 ms
23 мар 2016 13:47:42,183[main] INFO  - com.epam.brest.course2015.provider.ProducerRestController #updateProducer([Producer: {producerId=0, producerName='name1, country=country1, countOfCars=0
Cars: null}]): void in 16 ms
23 мар 2016 13:47:42,220[main] INFO  - com.epam.brest.course2015.provider.ProducerRestController #deleteProducer([0]): void in 1 ms
23 мар 2016 13:47:42,254[main] INFO  - com.epam.brest.course2015.provider.ProducerRestController #getAllProducers([]): ArrayList:[Producer: {producerId=0, producerName='null, country=null, countOfCars=0
Cars: null}] in 1 ms
23 мар 2016 13:47:42,295[main] INFO  - com.epam.brest.course2015.provider.ProducerRestController #addProducer([Producer: {producerId=null, producerName='name1, country=country1, countOfCars=0
Cars: null}]): Integer:1 in 0 ms
23 мар 2016 13:47:42,345[main] INFO  - com.epam.brest.course2015.provider.ProducerRestController #getProducerById([0]): Producer:Producer: {producerId=0, producerName='null, country=null, countOfCars=0
Cars: null} in 0 ms
23 мар 2016 13:47:42,377[main] INFO  - com.epam.brest.course2015.provider.ProducerRestController #getProducersDto([]): ProducerDto:ProducerDto{producers=null, total=null} in 0 ms
