25 Mar 2016 20:53:19,962[main] INFO  - com.epam.brest.course2015.dao.CarDao #getCarById([0]): Car:Car: {carId=0, carName='5dr, dateOfCreation=2015-10-14, producerId=0, producerName=toyota} in 128 ms
25 Mar 2016 20:53:19,964[main] INFO  - com.epam.brest.course2015.transactions.CarTransactions #getCarById([0]): Car:Car: {carId=0, carName='5dr, dateOfCreation=2015-10-14, producerId=0, producerName=toyota} in 141 ms
25 Mar 2016 20:53:19,966[main] DEBUG - carId: 0
25 Mar 2016 20:53:19,980[main] INFO  - com.epam.brest.course2015.soap.CarEndpoint #getCarById([com.epam.brest.course2015.soap.GetCarByIdRequest@39008c9f]): GetCarByIdResponse:com.epam.brest.course2015.soap.GetCarByIdResponse@162b3d47 in 187 ms
25 Mar 2016 20:57:14,200[main] INFO  - com.epam.brest.course2015.dao.CarDao #getCarById([0]): Car:Car: {carId=0, carName='5dr, dateOfCreation=2015-10-14, producerId=0, producerName=toyota} in 132 ms
25 Mar 2016 20:57:14,203[main] INFO  - com.epam.brest.course2015.transactions.CarTransactions #getCarById([0]): Car:Car: {carId=0, carName='5dr, dateOfCreation=2015-10-14, producerId=0, producerName=toyota} in 152 ms
25 Mar 2016 20:57:14,204[main] DEBUG - carId: 0
25 Mar 2016 20:57:14,215[main] INFO  - com.epam.brest.course2015.soap.CarEndpoint #getCarById([com.epam.brest.course2015.soap.GetCarByIdRequest@47b179d7]): GetCarByIdResponse:com.epam.brest.course2015.soap.GetCarByIdResponse@39008c9f in 216 ms
25 Mar 2016 21:04:04,945[main] INFO  - com.epam.brest.course2015.dao.CarDao #getCarById([0]): Car:Car: {carId=0, carName='5dr, dateOfCreation=2015-10-14, producerId=0, producerName=toyota} in 149 ms
25 Mar 2016 21:04:04,951[main] INFO  - com.epam.brest.course2015.transactions.CarTransactions #getCarById([0]): Car:Car: {carId=0, carName='5dr, dateOfCreation=2015-10-14, producerId=0, producerName=toyota} in 171 ms
25 Mar 2016 21:04:04,953[main] DEBUG - carId: 0
25 Mar 2016 21:04:04,963[main] INFO  - com.epam.brest.course2015.soap.CarEndpoint #getCarById([com.epam.brest.course2015.soap.GetCarByIdRequest@39008c9f]): GetCarByIdResponse:com.epam.brest.course2015.soap.GetCarByIdResponse@162b3d47 in 219 ms
25 Mar 2016 21:23:08,419[main] INFO  - com.epam.brest.course2015.dao.CarDao #getCarById([0]): Car:Car: {carId=0, carName='5dr, dateOfCreation=2015-10-14, producerId=0, producerName=toyota} in 213 ms
25 Mar 2016 21:23:08,422[main] INFO  - com.epam.brest.course2015.transactions.CarTransactions #getCarById([0]): Car:Car: {carId=0, carName='5dr, dateOfCreation=2015-10-14, producerId=0, producerName=toyota} in 235 ms
25 Mar 2016 21:23:08,424[main] DEBUG - carId: 0
25 Mar 2016 21:23:08,449[main] INFO  - com.epam.brest.course2015.soap.CarEndpoint #getCarById([com.epam.brest.course2015.soap.GetCarByIdRequest@7dff6d05]): GetCarByIdResponse:com.epam.brest.course2015.soap.GetCarByIdResponse@45d64d27 in 341 ms
25 Mar 2016 21:29:56,308[main] INFO  - com.epam.brest.course2015.dao.CarDao #getCarById([0]): Car:Car: {carId=0, carName='5dr, dateOfCreation=2015-10-14, producerId=0, producerName=toyota} in 118 ms
25 Mar 2016 21:29:56,311[main] INFO  - com.epam.brest.course2015.transactions.CarTransactions #getCarById([0]): Car:Car: {carId=0, carName='5dr, dateOfCreation=2015-10-14, producerId=0, producerName=toyota} in 137 ms
25 Mar 2016 21:29:56,313[main] DEBUG - carId: 0
25 Mar 2016 21:29:56,323[main] INFO  - com.epam.brest.course2015.soap.CarEndpoint #getCarById([com.epam.brest.course2015.soap.GetCarByIdRequest@45d64d27]): GetCarByIdResponse:com.epam.brest.course2015.soap.GetCarByIdResponse@34fe326d in 180 ms
25 Mar 2016 21:30:36,246[main] INFO  - com.epam.brest.course2015.dao.CarDao #getCarById([0]): Car:Car: {carId=0, carName='5dr, dateOfCreation=2015-10-14, producerId=0, producerName=toyota} in 121 ms
25 Mar 2016 21:30:36,248[main] INFO  - com.epam.brest.course2015.transactions.CarTransactions #getCarById([0]): Car:Car: {carId=0, carName='5dr, dateOfCreation=2015-10-14, producerId=0, producerName=toyota} in 135 ms
25 Mar 2016 21:30:36,250[main] DEBUG - carId: 0
25 Mar 2016 21:30:36,260[main] INFO  - com.epam.brest.course2015.soap.CarEndpoint #getCarById([com.epam.brest.course2015.soap.GetCarByIdRequest@45d64d27]): GetCarByIdResponse:com.epam.brest.course2015.soap.GetCarByIdResponse@34fe326d in 176 ms
25 Mar 2016 21:43:23,891[main] INFO  - com.epam.brest.course2015.dao.CarDao #getCarById([2]): Car:Car: {carId=2, carName='6ks, dateOfCreation=2015-10-11, producerId=0, producerName=toyota} in 141 ms
25 Mar 2016 21:43:23,894[main] INFO  - com.epam.brest.course2015.transactions.CarTransactions #getCarById([2]): Car:Car: {carId=2, carName='6ks, dateOfCreation=2015-10-11, producerId=0, producerName=toyota} in 163 ms
25 Mar 2016 21:43:23,896[main] DEBUG - carId: 2
25 Mar 2016 21:43:23,906[main] INFO  - com.epam.brest.course2015.soap.CarEndpoint #getCarById([com.epam.brest.course2015.soap.GetCarByIdRequest@56681eaf]): GetCarByIdResponse:com.epam.brest.course2015.soap.GetCarByIdResponse@72d0f2b4 in 209 ms
25 Mar 2016 21:45:26,680[main] INFO  - com.epam.brest.course2015.dao.CarDao #getCarById([2]): Car:Car: {carId=2, carName='6ks, dateOfCreation=2015-10-11, producerId=0, producerName=toyota} in 136 ms
25 Mar 2016 21:45:26,682[main] INFO  - com.epam.brest.course2015.transactions.CarTransactions #getCarById([2]): Car:Car: {carId=2, carName='6ks, dateOfCreation=2015-10-11, producerId=0, producerName=toyota} in 154 ms
25 Mar 2016 21:45:26,684[main] DEBUG - carId: 2
25 Mar 2016 21:45:26,695[main] INFO  - com.epam.brest.course2015.soap.CarEndpoint #getCarById([com.epam.brest.course2015.soap.GetCarByIdRequest@45d64d27]): GetCarByIdResponse:com.epam.brest.course2015.soap.GetCarByIdResponse@34fe326d in 202 ms
25 Mar 2016 21:46:33,742[main] INFO  - com.epam.brest.course2015.dao.CarDao #getCarById([2]): Car:Car: {carId=2, carName='6ks, dateOfCreation=2015-10-11, producerId=0, producerName=toyota} in 137 ms
25 Mar 2016 21:46:33,745[main] INFO  - com.epam.brest.course2015.transactions.CarTransactions #getCarById([2]): Car:Car: {carId=2, carName='6ks, dateOfCreation=2015-10-11, producerId=0, producerName=toyota} in 156 ms
25 Mar 2016 21:46:33,747[main] DEBUG - carId: 2
25 Mar 2016 21:46:33,758[main] INFO  - com.epam.brest.course2015.soap.CarEndpoint #getCarById([com.epam.brest.course2015.soap.GetCarByIdRequest@7e1f584d]): GetCarByIdResponse:com.epam.brest.course2015.soap.GetCarByIdResponse@7dff6d05 in 218 ms
25 Mar 2016 21:48:18,109[main] INFO  - com.epam.brest.course2015.dao.CarDao #getCarById([2]): Car:Car: {carId=2, carName='6ks, dateOfCreation=2015-10-11, producerId=0, producerName=toyota} in 123 ms
25 Mar 2016 21:48:18,111[main] INFO  - com.epam.brest.course2015.transactions.CarTransactions #getCarById([2]): Car:Car: {carId=2, carName='6ks, dateOfCreation=2015-10-11, producerId=0, producerName=toyota} in 141 ms
25 Mar 2016 21:48:18,113[main] DEBUG - carId: 2
25 Mar 2016 21:48:18,123[main] INFO  - com.epam.brest.course2015.soap.CarEndpoint #getCarById([com.epam.brest.course2015.soap.GetCarByIdRequest@7e1f584d]): GetCarByIdResponse:com.epam.brest.course2015.soap.GetCarByIdResponse@7dff6d05 in 187 ms
25 Mar 2016 21:49:40,761[main] INFO  - com.epam.brest.course2015.dao.CarDao #getCarById([2]): Car:Car: {carId=2, carName='6ks, dateOfCreation=2015-10-11, producerId=0, producerName=toyota} in 121 ms
25 Mar 2016 21:49:40,764[main] INFO  - com.epam.brest.course2015.transactions.CarTransactions #getCarById([2]): Car:Car: {carId=2, carName='6ks, dateOfCreation=2015-10-11, producerId=0, producerName=toyota} in 139 ms
25 Mar 2016 21:49:40,766[main] DEBUG - carId: 2
25 Mar 2016 21:49:40,776[main] INFO  - com.epam.brest.course2015.soap.CarEndpoint #getCarById([com.epam.brest.course2015.soap.GetCarByIdRequest@45d64d27]): GetCarByIdResponse:com.epam.brest.course2015.soap.GetCarByIdResponse@34fe326d in 184 ms
25 Mar 2016 21:50:27,755[main] INFO  - com.epam.brest.course2015.dao.CarDao #getCarById([2]): Car:Car: {carId=2, carName='6ks, dateOfCreation=2015-10-11, producerId=0, producerName=toyota} in 167 ms
25 Mar 2016 21:50:27,757[main] INFO  - com.epam.brest.course2015.transactions.CarTransactions #getCarById([2]): Car:Car: {carId=2, carName='6ks, dateOfCreation=2015-10-11, producerId=0, producerName=toyota} in 182 ms
25 Mar 2016 21:50:27,758[main] DEBUG - carId: 2
25 Mar 2016 21:50:27,766[main] INFO  - com.epam.brest.course2015.soap.CarEndpoint #getCarById([com.epam.brest.course2015.soap.GetCarByIdRequest@45d64d27]): GetCarByIdResponse:com.epam.brest.course2015.soap.GetCarByIdResponse@34fe326d in 227 ms
25 Mar 2016 23:10:52,231[main] INFO  - com.epam.brest.course2015.dao.CarDao #getCarById([2]): Car:Car: {carId=2, carName='6ks, dateOfCreation=2015-10-11, producerId=0, producerName=toyota} in 125 ms
25 Mar 2016 23:10:52,234[main] INFO  - com.epam.brest.course2015.transactions.CarTransactions #getCarById([2]): Car:Car: {carId=2, carName='6ks, dateOfCreation=2015-10-11, producerId=0, producerName=toyota} in 145 ms
25 Mar 2016 23:10:52,235[main] DEBUG - carId: 2
25 Mar 2016 23:10:52,247[main] INFO  - com.epam.brest.course2015.soap.CarEndpoint #getCarById([com.epam.brest.course2015.soap.GetCarByIdRequest@45d64d27]): GetCarByIdResponse:com.epam.brest.course2015.soap.GetCarByIdResponse@34fe326d in 200 ms
26 Mar 2016 00:03:37,786[main] INFO  - com.epam.brest.course2015.dao.CarDao #getCarById([2]): Car:Car: {carId=2, carName='6ks, dateOfCreation=2015-10-11, producerId=0, producerName=toyota} in 110 ms
26 Mar 2016 00:03:37,788[main] INFO  - com.epam.brest.course2015.transactions.CarTransactions #getCarById([2]): Car:Car: {carId=2, carName='6ks, dateOfCreation=2015-10-11, producerId=0, producerName=toyota} in 127 ms
26 Mar 2016 00:03:37,798[main] INFO  - com.epam.brest.course2015.soap.CarEndpoint #getCarById([com.epam.brest.course2015.soap.GetCarByIdRequest@1da4b6b3]): GetCarByIdResponse:com.epam.brest.course2015.soap.GetCarByIdResponse@b2f4ece in 181 ms
26 Mar 2016 00:16:42,386[main] INFO  - com.epam.brest.course2015.dao.CarDao #getCarById([2]): Car:Car: {carId=2, carName='6ks, dateOfCreation=2015-10-11, producerId=0, producerName=toyota} in 140 ms
26 Mar 2016 00:16:42,389[main] INFO  - com.epam.brest.course2015.transactions.CarTransactions #getCarById([2]): Car:Car: {carId=2, carName='6ks, dateOfCreation=2015-10-11, producerId=0, producerName=toyota} in 157 ms
26 Mar 2016 00:16:42,399[main] INFO  - com.epam.brest.course2015.soap.CarEndpoint #getCarById([com.epam.brest.course2015.soap.GetCarByIdRequest@a33b4e3]): GetCarByIdResponse:com.epam.brest.course2015.soap.GetCarByIdResponse@c6da8bb in 200 ms
26 Mar 2016 00:20:25,319[main] INFO  - com.epam.brest.course2015.dao.CarDao #getCarById([2]): Car:Car: {carId=2, carName='6ks, dateOfCreation=2015-10-11, producerId=0, producerName=toyota} in 192 ms
26 Mar 2016 00:20:25,322[main] INFO  - com.epam.brest.course2015.transactions.CarTransactions #getCarById([2]): Car:Car: {carId=2, carName='6ks, dateOfCreation=2015-10-11, producerId=0, producerName=toyota} in 213 ms
26 Mar 2016 00:20:25,337[main] INFO  - com.epam.brest.course2015.soap.CarEndpoint #getCarById([com.epam.brest.course2015.soap.GetCarByIdRequest@7e736350]): GetCarByIdResponse:com.epam.brest.course2015.soap.GetCarByIdResponse@36b310aa in 262 ms
26 Mar 2016 00:21:27,851[main] INFO  - com.epam.brest.course2015.dao.CarDao #getCarById([2]): Car:Car: {carId=2, carName='6ks, dateOfCreation=2015-10-11, producerId=0, producerName=toyota} in 131 ms
26 Mar 2016 00:21:27,857[main] INFO  - com.epam.brest.course2015.transactions.CarTransactions #getCarById([2]): Car:Car: {carId=2, carName='6ks, dateOfCreation=2015-10-11, producerId=0, producerName=toyota} in 155 ms
26 Mar 2016 00:21:27,869[main] INFO  - com.epam.brest.course2015.soap.CarEndpoint #getCarById([com.epam.brest.course2015.soap.GetCarByIdRequest@7e736350]): GetCarByIdResponse:com.epam.brest.course2015.soap.GetCarByIdResponse@36b310aa in 201 ms
26 Mar 2016 01:56:25,238[main] INFO  - com.epam.brest.course2015.dao.CarDao #getCarById([0]): Car:Car: {carId=0, carName='5dr, dateOfCreation=2015-10-14, producerId=0, producerName=toyota} in 190 ms
26 Mar 2016 01:56:25,270[main] INFO  - com.epam.brest.course2015.transactions.CarTransactions #getCarById([0]): Car:Car: {carId=0, carName='5dr, dateOfCreation=2015-10-14, producerId=0, producerName=toyota} in 234 ms
26 Mar 2016 01:56:25,294[main] INFO  - com.epam.brest.course2015.soap.CarEndpoint #getCarById([com.epam.brest.course2015.soap.GetCarByIdRequest@76c387f9]): GetCarByIdResponse:com.epam.brest.course2015.soap.GetCarByIdResponse@3874b815 in 308 ms
26 Mar 2016 01:57:46,499[main] INFO  - com.epam.brest.course2015.dao.CarDao #getCarById([0]): Car:Car: {carId=0, carName='5dr, dateOfCreation=2015-10-14, producerId=0, producerName=toyota} in 151 ms
26 Mar 2016 01:57:46,502[main] INFO  - com.epam.brest.course2015.transactions.CarTransactions #getCarById([0]): Car:Car: {carId=0, carName='5dr, dateOfCreation=2015-10-14, producerId=0, producerName=toyota} in 172 ms
26 Mar 2016 01:57:46,514[main] INFO  - com.epam.brest.course2015.soap.CarEndpoint #getCarById([com.epam.brest.course2015.soap.GetCarByIdRequest@76c387f9]): GetCarByIdResponse:com.epam.brest.course2015.soap.GetCarByIdResponse@3874b815 in 218 ms
26 Mar 2016 02:02:43,068[main] INFO  - com.epam.brest.course2015.dao.CarDao #getCarById([2]): Car:Car: {carId=2, carName='6ks, dateOfCreation=2015-10-11, producerId=0, producerName=toyota} in 188 ms
26 Mar 2016 02:02:43,080[main] INFO  - com.epam.brest.course2015.transactions.CarTransactions #getCarById([2]): Car:Car: {carId=2, carName='6ks, dateOfCreation=2015-10-11, producerId=0, producerName=toyota} in 219 ms
26 Mar 2016 02:02:43,094[main] INFO  - com.epam.brest.course2015.soap.CarEndpoint #getCarById([com.epam.brest.course2015.soap.GetCarByIdRequest@76c387f9]): GetCarByIdResponse:com.epam.brest.course2015.soap.GetCarByIdResponse@3874b815 in 281 ms
26 Mar 2016 02:03:42,283[main] INFO  - com.epam.brest.course2015.dao.CarDao #getCarById([2]): Car:Car: {carId=2, carName='6ks, dateOfCreation=2015-10-11, producerId=0, producerName=toyota} in 176 ms
26 Mar 2016 02:03:42,286[main] INFO  - com.epam.brest.course2015.transactions.CarTransactions #getCarById([2]): Car:Car: {carId=2, carName='6ks, dateOfCreation=2015-10-11, producerId=0, producerName=toyota} in 192 ms
26 Mar 2016 02:03:42,297[main] INFO  - com.epam.brest.course2015.soap.CarEndpoint #getCarById([com.epam.brest.course2015.soap.GetCarByIdRequest@76c387f9]): GetCarByIdResponse:com.epam.brest.course2015.soap.GetCarByIdResponse@3874b815 in 235 ms
26 Mar 2016 02:05:27,949[main] INFO  - com.epam.brest.course2015.dao.CarDao #getCarById([0]): Car:Car: {carId=0, carName='5dr, dateOfCreation=2015-10-14, producerId=0, producerName=toyota} in 33 ms
26 Mar 2016 02:05:27,958[main] INFO  - com.epam.brest.course2015.dao.CarDao #updateCar([Car: {carId=0, carName='newname, dateOfCreation=2015-10-10, producerId=0, producerName=}]): void in 6 ms
26 Mar 2016 02:05:27,959[main] INFO  - com.epam.brest.course2015.transactions.CarTransactions #updateCar([Car: {carId=0, carName='newname, dateOfCreation=2015-10-10, producerId=0, producerName=}]): void in 53 ms
26 Mar 2016 02:06:11,056[main] INFO  - com.epam.brest.course2015.dao.CarDao #getCarById([0]): Car:Car: {carId=0, carName='5dr, dateOfCreation=2015-10-14, producerId=0, producerName=toyota} in 50 ms
26 Mar 2016 02:06:11,072[main] INFO  - com.epam.brest.course2015.dao.CarDao #updateCar([Car: {carId=0, carName='newname, dateOfCreation=2015-10-10, producerId=0, producerName=}]): void in 10 ms
26 Mar 2016 02:06:11,073[main] INFO  - com.epam.brest.course2015.transactions.CarTransactions #updateCar([Car: {carId=0, carName='newname, dateOfCreation=2015-10-10, producerId=0, producerName=}]): void in 89 ms
26 Mar 2016 02:33:32,734[main] INFO  - com.epam.brest.course2015.dao.CarDao #getCarById([2]): Car:Car: {carId=2, carName='6ks, dateOfCreation=2015-10-11, producerId=0, producerName=toyota} in 212 ms
26 Mar 2016 02:33:32,737[main] INFO  - com.epam.brest.course2015.transactions.CarTransactions #getCarById([2]): Car:Car: {carId=2, carName='6ks, dateOfCreation=2015-10-11, producerId=0, producerName=toyota} in 234 ms
26 Mar 2016 02:33:32,750[main] INFO  - com.epam.brest.course2015.soap.CarEndpoint #getCarById([com.epam.brest.course2015.soap.GetCarByIdRequest@5d7835a8]): GetCarByIdResponse:com.epam.brest.course2015.soap.GetCarByIdResponse@736048ed in 291 ms
27 Mar 2016 17:00:15,171[main] INFO  - com.epam.brest.course2015.dao.CarDao #getCarById([2]): Car:Car: {carId=2, carName='6ks, dateOfCreation=2015-10-11, producerId=0, producerName=toyota} in 155 ms
27 Mar 2016 17:00:15,180[main] INFO  - com.epam.brest.course2015.transactions.CarTransactions #getCarById([2]): Car:Car: {carId=2, carName='6ks, dateOfCreation=2015-10-11, producerId=0, producerName=toyota} in 182 ms
27 Mar 2016 17:00:15,182[main] INFO  - com.epam.brest.course2015.soap.CarEndpoint #getCarById([com.epam.brest.course2015.soap.GetCarByIdRequest@30a7c98f]): GetCarByIdResponse:com.epam.brest.course2015.soap.GetCarByIdResponse@36361ddb in 222 ms
27 Mar 2016 17:00:15,598[main] INFO  - com.epam.brest.course2015.dao.CarDao #getCarById([0]): Car:Car: {carId=0, carName='5dr, dateOfCreation=2015-10-14, producerId=0, producerName=toyota} in 2 ms
27 Mar 2016 17:00:15,606[main] INFO  - com.epam.brest.course2015.dao.CarDao #updateCar([Car: {carId=0, carName='newname, dateOfCreation=2015-10-10, producerId=0, producerName=}]): void in 6 ms
27 Mar 2016 17:00:15,607[main] INFO  - com.epam.brest.course2015.transactions.CarTransactions #updateCar([Car: {carId=0, carName='newname, dateOfCreation=2015-10-10, producerId=0, producerName=}]): void in 11 ms
27 Mar 2016 17:01:06,604[main] INFO  - com.epam.brest.course2015.dao.CarDao #getCarById([2]): Car:Car: {carId=2, carName='6ks, dateOfCreation=2015-10-11, producerId=0, producerName=toyota} in 137 ms
27 Mar 2016 17:01:06,608[main] INFO  - com.epam.brest.course2015.transactions.CarTransactions #getCarById([2]): Car:Car: {carId=2, carName='6ks, dateOfCreation=2015-10-11, producerId=0, producerName=toyota} in 157 ms
27 Mar 2016 17:01:06,611[main] INFO  - com.epam.brest.course2015.soap.CarEndpoint #getCarById([com.epam.brest.course2015.soap.GetCarByIdRequest@36361ddb]): GetCarByIdResponse:com.epam.brest.course2015.soap.GetCarByIdResponse@41fed14f in 191 ms
27 Mar 2016 17:01:06,726[main] INFO  - com.epam.brest.course2015.dao.CarDao #getCarById([0]): Car:Car: {carId=0, carName='5dr, dateOfCreation=2015-10-14, producerId=0, producerName=toyota} in 1 ms
27 Mar 2016 17:01:06,739[main] INFO  - com.epam.brest.course2015.dao.CarDao #updateCar([Car: {carId=0, carName='newname, dateOfCreation=2015-10-10, producerId=0, producerName=}]): void in 9 ms
27 Mar 2016 17:01:06,739[main] INFO  - com.epam.brest.course2015.transactions.CarTransactions #updateCar([Car: {carId=0, carName='newname, dateOfCreation=2015-10-10, producerId=0, producerName=}]): void in 15 ms
28 Mar 2016 10:42:27,664[main] INFO  - com.epam.brest.course2015.dao.CarDao #getAllCars([]): ArrayList:[Car: {carId=0, carName='5dr, dateOfCreation=2015-10-14, producerId=0, producerName=toyota}, Car: {carId=1, carName='3hr, dateOfCreation=2015-10-13, producerId=0, producerName=toyota}, Car: {carId=2, carName='6ks, dateOfCreation=2015-10-11, producerId=0, producerName=toyota}] in 115 ms
28 Mar 2016 10:42:27,677[main] INFO  - com.epam.brest.course2015.transactions.CarTransactions #getCarsDto([]): CarDto:CarDto{cars=[Car: {carId=0, carName='5dr, dateOfCreation=2015-10-14, producerId=0, producerName=toyota}, Car: {carId=1, carName='3hr, dateOfCreation=2015-10-13, producerId=0, producerName=toyota}, Car: {carId=2, carName='6ks, dateOfCreation=2015-10-11, producerId=0, producerName=toyota}], total=3} in 146 ms
28 Mar 2016 10:54:22,302[main] INFO  - com.epam.brest.course2015.dao.CarDao #getAllCars([]): ArrayList:[Car: {carId=0, carName='5dr, dateOfCreation=2015-10-14, producerId=0, producerName=toyota}, Car: {carId=1, carName='3hr, dateOfCreation=2015-10-13, producerId=0, producerName=toyota}, Car: {carId=2, carName='6ks, dateOfCreation=2015-10-11, producerId=0, producerName=toyota}] in 232 ms
28 Mar 2016 10:54:22,304[main] INFO  - com.epam.brest.course2015.transactions.CarTransactions #getCarsDto([]): CarDto:CarDto{cars=[Car: {carId=0, carName='5dr, dateOfCreation=2015-10-14, producerId=0, producerName=toyota}, Car: {carId=1, carName='3hr, dateOfCreation=2015-10-13, producerId=0, producerName=toyota}, Car: {carId=2, carName='6ks, dateOfCreation=2015-10-11, producerId=0, producerName=toyota}], total=3} in 251 ms
28 Mar 2016 10:56:07,004[main] INFO  - com.epam.brest.course2015.dao.CarDao #getAllCars([]): ArrayList:[Car: {carId=0, carName='5dr, dateOfCreation=2015-10-14, producerId=0, producerName=toyota}, Car: {carId=1, carName='3hr, dateOfCreation=2015-10-13, producerId=0, producerName=toyota}, Car: {carId=2, carName='6ks, dateOfCreation=2015-10-11, producerId=0, producerName=toyota}] in 154 ms
28 Mar 2016 10:56:07,008[main] INFO  - com.epam.brest.course2015.transactions.CarTransactions #getCarsDto([]): CarDto:CarDto{cars=[Car: {carId=0, carName='5dr, dateOfCreation=2015-10-14, producerId=0, producerName=toyota}, Car: {carId=1, carName='3hr, dateOfCreation=2015-10-13, producerId=0, producerName=toyota}, Car: {carId=2, carName='6ks, dateOfCreation=2015-10-11, producerId=0, producerName=toyota}], total=3} in 173 ms
03 Apr 2016 17:03:28,528[main] INFO  - com.epam.brest.course2015.dao.CarDao #getCarById([2]): Car:Car: {carId=2, carName='6ks, dateOfCreation=2015-10-11, producerId=0, producerName=toyota} in 96 ms
03 Apr 2016 17:03:28,550[main] INFO  - com.epam.brest.course2015.transactions.CarTransactions #getCarById([2]): Car:Car: {carId=2, carName='6ks, dateOfCreation=2015-10-11, producerId=0, producerName=toyota} in 128 ms
03 Apr 2016 17:03:28,552[main] INFO  - com.epam.brest.course2015.soap.CarEndpoint #getCarById([com.epam.brest.course2015.soap.GetCarByIdRequest@327ed9f5]): GetCarByIdResponse:com.epam.brest.course2015.soap.GetCarByIdResponse@67594471 in 153 ms
03 Apr 2016 17:03:28,672[main] INFO  - com.epam.brest.course2015.dao.CarDao #getCarById([0]): Car:Car: {carId=0, carName='5dr, dateOfCreation=2015-10-14, producerId=0, producerName=toyota} in 2 ms
03 Apr 2016 17:03:28,681[main] INFO  - com.epam.brest.course2015.dao.CarDao #updateCar([Car: {carId=0, carName='newname, dateOfCreation=2015-10-10, producerId=0, producerName=}]): void in 6 ms
03 Apr 2016 17:03:28,682[main] INFO  - com.epam.brest.course2015.transactions.CarTransactions #updateCar([Car: {carId=0, carName='newname, dateOfCreation=2015-10-10, producerId=0, producerName=}]): void in 12 ms
03 Apr 2016 17:03:28,721[main] INFO  - com.epam.brest.course2015.dao.CarDao #getAllCars([]): ArrayList:[Car: {carId=0, carName='newname, dateOfCreation=2015-10-10, producerId=0, producerName=toyota}, Car: {carId=1, carName='3hr, dateOfCreation=2015-10-13, producerId=0, producerName=toyota}, Car: {carId=2, carName='6ks, dateOfCreation=2015-10-11, producerId=0, producerName=toyota}] in 3 ms
03 Apr 2016 17:03:28,722[main] INFO  - com.epam.brest.course2015.transactions.CarTransactions #getCarsDto([]): CarDto:CarDto{cars=[Car: {carId=0, carName='newname, dateOfCreation=2015-10-10, producerId=0, producerName=toyota}, Car: {carId=1, carName='3hr, dateOfCreation=2015-10-13, producerId=0, producerName=toyota}, Car: {carId=2, carName='6ks, dateOfCreation=2015-10-11, producerId=0, producerName=toyota}], total=3} in 6 ms
03 Apr 2016 17:04:43,939[main] INFO  - com.epam.brest.course2015.dao.CarDao #getCarById([2]): Car:Car: {carId=2, carName='6ks, dateOfCreation=2015-10-11, producerId=0, producerName=toyota} in 176 ms
03 Apr 2016 17:04:43,945[main] INFO  - com.epam.brest.course2015.transactions.CarTransactions #getCarById([2]): Car:Car: {carId=2, carName='6ks, dateOfCreation=2015-10-11, producerId=0, producerName=toyota} in 198 ms
03 Apr 2016 17:04:43,949[main] INFO  - com.epam.brest.course2015.soap.CarEndpoint #getCarById([com.epam.brest.course2015.soap.GetCarByIdRequest@36361ddb]): GetCarByIdResponse:com.epam.brest.course2015.soap.GetCarByIdResponse@41fed14f in 237 ms
03 Apr 2016 17:04:44,091[main] INFO  - com.epam.brest.course2015.dao.CarDao #getCarById([0]): Car:Car: {carId=0, carName='5dr, dateOfCreation=2015-10-14, producerId=0, producerName=toyota} in 1 ms
03 Apr 2016 17:04:44,103[main] INFO  - com.epam.brest.course2015.dao.CarDao #updateCar([Car: {carId=0, carName='newname, dateOfCreation=2015-10-10, producerId=0, producerName=}]): void in 10 ms
03 Apr 2016 17:04:44,104[main] INFO  - com.epam.brest.course2015.transactions.CarTransactions #updateCar([Car: {carId=0, carName='newname, dateOfCreation=2015-10-10, producerId=0, producerName=}]): void in 16 ms
03 Apr 2016 17:04:44,137[main] INFO  - com.epam.brest.course2015.dao.CarDao #getAllCars([]): ArrayList:[Car: {carId=0, carName='newname, dateOfCreation=2015-10-10, producerId=0, producerName=toyota}, Car: {carId=1, carName='3hr, dateOfCreation=2015-10-13, producerId=0, producerName=toyota}, Car: {carId=2, carName='6ks, dateOfCreation=2015-10-11, producerId=0, producerName=toyota}] in 3 ms
03 Apr 2016 17:04:44,138[main] INFO  - com.epam.brest.course2015.transactions.CarTransactions #getCarsDto([]): CarDto:CarDto{cars=[Car: {carId=0, carName='newname, dateOfCreation=2015-10-10, producerId=0, producerName=toyota}, Car: {carId=1, carName='3hr, dateOfCreation=2015-10-13, producerId=0, producerName=toyota}, Car: {carId=2, carName='6ks, dateOfCreation=2015-10-11, producerId=0, producerName=toyota}], total=3} in 7 ms
03 Apr 2016 17:05:27,045[main] INFO  - com.epam.brest.course2015.dao.CarDao #getAllCars([]): ArrayList:[Car: {carId=0, carName='5dr, dateOfCreation=2015-10-14, producerId=0, producerName=toyota}, Car: {carId=1, carName='3hr, dateOfCreation=2015-10-13, producerId=0, producerName=toyota}, Car: {carId=2, carName='6ks, dateOfCreation=2015-10-11, producerId=0, producerName=toyota}] in 127 ms
03 Apr 2016 17:05:27,049[main] INFO  - com.epam.brest.course2015.transactions.CarTransactions #getCarsDto([]): CarDto:CarDto{cars=[Car: {carId=0, carName='5dr, dateOfCreation=2015-10-14, producerId=0, producerName=toyota}, Car: {carId=1, carName='3hr, dateOfCreation=2015-10-13, producerId=0, producerName=toyota}, Car: {carId=2, carName='6ks, dateOfCreation=2015-10-11, producerId=0, producerName=toyota}], total=3} in 146 ms
03 Apr 2016 17:05:51,125[main] INFO  - com.epam.brest.course2015.dao.CarDao #getAllCars([]): ArrayList:[Car: {carId=0, carName='5dr, dateOfCreation=2015-10-14, producerId=0, producerName=toyota}, Car: {carId=1, carName='3hr, dateOfCreation=2015-10-13, producerId=0, producerName=toyota}, Car: {carId=2, carName='6ks, dateOfCreation=2015-10-11, producerId=0, producerName=toyota}] in 154 ms
03 Apr 2016 17:05:51,128[main] INFO  - com.epam.brest.course2015.transactions.CarTransactions #getCarsDto([]): CarDto:CarDto{cars=[Car: {carId=0, carName='5dr, dateOfCreation=2015-10-14, producerId=0, producerName=toyota}, Car: {carId=1, carName='3hr, dateOfCreation=2015-10-13, producerId=0, producerName=toyota}, Car: {carId=2, carName='6ks, dateOfCreation=2015-10-11, producerId=0, producerName=toyota}], total=3} in 175 ms
03 Apr 2016 17:06:05,457[main] INFO  - com.epam.brest.course2015.dao.CarDao #getCarById([2]): Car:Car: {carId=2, carName='6ks, dateOfCreation=2015-10-11, producerId=0, producerName=toyota} in 138 ms
03 Apr 2016 17:06:05,460[main] INFO  - com.epam.brest.course2015.transactions.CarTransactions #getCarById([2]): Car:Car: {carId=2, carName='6ks, dateOfCreation=2015-10-11, producerId=0, producerName=toyota} in 157 ms
03 Apr 2016 17:06:05,463[main] INFO  - com.epam.brest.course2015.soap.CarEndpoint #getCarById([com.epam.brest.course2015.soap.GetCarByIdRequest@1fba386c]): GetCarByIdResponse:com.epam.brest.course2015.soap.GetCarByIdResponse@7e736350 in 194 ms
03 Apr 2016 17:06:17,355[main] INFO  - com.epam.brest.course2015.dao.CarDao #getCarById([0]): Car:Car: {carId=0, carName='5dr, dateOfCreation=2015-10-14, producerId=0, producerName=toyota} in 67 ms
03 Apr 2016 17:06:17,368[main] INFO  - com.epam.brest.course2015.dao.CarDao #updateCar([Car: {carId=0, carName='newname, dateOfCreation=2015-10-10, producerId=0, producerName=}]): void in 9 ms
03 Apr 2016 17:06:17,369[main] INFO  - com.epam.brest.course2015.transactions.CarTransactions #updateCar([Car: {carId=0, carName='newname, dateOfCreation=2015-10-10, producerId=0, producerName=}]): void in 97 ms
03 Apr 2016 17:06:48,249[main] INFO  - com.epam.brest.course2015.dao.CarDao #getCarById([2]): Car:Car: {carId=2, carName='6ks, dateOfCreation=2015-10-11, producerId=0, producerName=toyota} in 133 ms
03 Apr 2016 17:06:48,252[main] INFO  - com.epam.brest.course2015.transactions.CarTransactions #getCarById([2]): Car:Car: {carId=2, carName='6ks, dateOfCreation=2015-10-11, producerId=0, producerName=toyota} in 151 ms
03 Apr 2016 17:06:48,254[main] INFO  - com.epam.brest.course2015.soap.CarEndpoint #getCarById([com.epam.brest.course2015.soap.GetCarByIdRequest@36361ddb]): GetCarByIdResponse:com.epam.brest.course2015.soap.GetCarByIdResponse@41fed14f in 186 ms
03 Apr 2016 17:06:48,359[main] INFO  - com.epam.brest.course2015.dao.CarDao #getCarById([0]): Car:Car: {carId=0, carName='5dr, dateOfCreation=2015-10-14, producerId=0, producerName=toyota} in 2 ms
03 Apr 2016 17:06:48,370[main] INFO  - com.epam.brest.course2015.dao.CarDao #updateCar([Car: {carId=0, carName='newname, dateOfCreation=2015-10-10, producerId=0, producerName=}]): void in 9 ms
03 Apr 2016 17:06:48,371[main] INFO  - com.epam.brest.course2015.transactions.CarTransactions #updateCar([Car: {carId=0, carName='newname, dateOfCreation=2015-10-10, producerId=0, producerName=}]): void in 14 ms
03 Apr 2016 17:06:48,401[main] INFO  - com.epam.brest.course2015.dao.CarDao #getAllCars([]): ArrayList:[Car: {carId=0, carName='newname, dateOfCreation=2015-10-10, producerId=0, producerName=toyota}, Car: {carId=1, carName='3hr, dateOfCreation=2015-10-13, producerId=0, producerName=toyota}, Car: {carId=2, carName='6ks, dateOfCreation=2015-10-11, producerId=0, producerName=toyota}] in 2 ms
03 Apr 2016 17:06:48,402[main] INFO  - com.epam.brest.course2015.transactions.CarTransactions #getCarsDto([]): CarDto:CarDto{cars=[Car: {carId=0, carName='newname, dateOfCreation=2015-10-10, producerId=0, producerName=toyota}, Car: {carId=1, carName='3hr, dateOfCreation=2015-10-13, producerId=0, producerName=toyota}, Car: {carId=2, carName='6ks, dateOfCreation=2015-10-11, producerId=0, producerName=toyota}], total=3} in 5 ms
03 Apr 2016 17:08:28,557[main] INFO  - com.epam.brest.course2015.dao.CarDao #getCarById([2]): Car:Car: {carId=2, carName='6ks, dateOfCreation=2015-10-11, producerId=0, producerName=toyota} in 140 ms
03 Apr 2016 17:08:28,561[main] INFO  - com.epam.brest.course2015.transactions.CarTransactions #getCarById([2]): Car:Car: {carId=2, carName='6ks, dateOfCreation=2015-10-11, producerId=0, producerName=toyota} in 161 ms
03 Apr 2016 17:08:28,564[main] INFO  - com.epam.brest.course2015.soap.CarEndpoint #getCarById([com.epam.brest.course2015.soap.GetCarByIdRequest@1a891add]): GetCarByIdResponse:com.epam.brest.course2015.soap.GetCarByIdResponse@5176d279 in 200 ms
03 Apr 2016 17:08:28,707[main] INFO  - com.epam.brest.course2015.dao.CarDao #getCarById([0]): Car:Car: {carId=0, carName='5dr, dateOfCreation=2015-10-14, producerId=0, producerName=toyota} in 1 ms
03 Apr 2016 17:08:28,718[main] INFO  - com.epam.brest.course2015.dao.CarDao #updateCar([Car: {carId=0, carName='newname, dateOfCreation=2015-10-10, producerId=0, producerName=}]): void in 8 ms
03 Apr 2016 17:08:28,719[main] INFO  - com.epam.brest.course2015.transactions.CarTransactions #updateCar([Car: {carId=0, carName='newname, dateOfCreation=2015-10-10, producerId=0, producerName=}]): void in 13 ms
03 Apr 2016 17:08:28,759[main] INFO  - com.epam.brest.course2015.dao.CarDao #getAllCars([]): ArrayList:[Car: {carId=0, carName='5dr, dateOfCreation=2015-10-14, producerId=0, producerName=toyota}, Car: {carId=1, carName='3hr, dateOfCreation=2015-10-13, producerId=0, producerName=toyota}, Car: {carId=2, carName='6ks, dateOfCreation=2015-10-11, producerId=0, producerName=toyota}] in 2 ms
03 Apr 2016 17:08:28,761[main] INFO  - com.epam.brest.course2015.transactions.CarTransactions #getCarsDto([]): CarDto:CarDto{cars=[Car: {carId=0, carName='5dr, dateOfCreation=2015-10-14, producerId=0, producerName=toyota}, Car: {carId=1, carName='3hr, dateOfCreation=2015-10-13, producerId=0, producerName=toyota}, Car: {carId=2, carName='6ks, dateOfCreation=2015-10-11, producerId=0, producerName=toyota}], total=3} in 5 ms
03 Apr 2016 17:09:48,819[main] INFO  - com.epam.brest.course2015.dao.CarDao #getCarById([2]): Car:Car: {carId=2, carName='6ks, dateOfCreation=2015-10-11, producerId=0, producerName=toyota} in 151 ms
03 Apr 2016 17:09:48,824[main] INFO  - com.epam.brest.course2015.transactions.CarTransactions #getCarById([2]): Car:Car: {carId=2, carName='6ks, dateOfCreation=2015-10-11, producerId=0, producerName=toyota} in 175 ms
03 Apr 2016 17:09:48,827[main] INFO  - com.epam.brest.course2015.soap.CarEndpoint #getCarById([com.epam.brest.course2015.soap.GetCarByIdRequest@65b66b08]): GetCarByIdResponse:com.epam.brest.course2015.soap.GetCarByIdResponse@4726927c in 226 ms
03 Apr 2016 17:09:48,989[main] INFO  - com.epam.brest.course2015.dao.CarDao #getCarById([0]): Car:Car: {carId=0, carName='5dr, dateOfCreation=2015-10-14, producerId=0, producerName=toyota} in 1 ms
03 Apr 2016 17:09:48,998[main] INFO  - com.epam.brest.course2015.dao.CarDao #updateCar([Car: {carId=0, carName='newname, dateOfCreation=2015-10-10, producerId=0, producerName=}]): void in 8 ms
03 Apr 2016 17:09:48,998[main] INFO  - com.epam.brest.course2015.transactions.CarTransactions #updateCar([Car: {carId=0, carName='newname, dateOfCreation=2015-10-10, producerId=0, producerName=}]): void in 11 ms
03 Apr 2016 17:09:49,053[main] INFO  - com.epam.brest.course2015.dao.CarDao #getAllCars([]): ArrayList:[Car: {carId=0, carName='5dr, dateOfCreation=2015-10-14, producerId=0, producerName=toyota}, Car: {carId=1, carName='3hr, dateOfCreation=2015-10-13, producerId=0, producerName=toyota}, Car: {carId=2, carName='6ks, dateOfCreation=2015-10-11, producerId=0, producerName=toyota}] in 3 ms
03 Apr 2016 17:09:49,054[main] INFO  - com.epam.brest.course2015.transactions.CarTransactions #getCarsDto([]): CarDto:CarDto{cars=[Car: {carId=0, carName='5dr, dateOfCreation=2015-10-14, producerId=0, producerName=toyota}, Car: {carId=1, carName='3hr, dateOfCreation=2015-10-13, producerId=0, producerName=toyota}, Car: {carId=2, carName='6ks, dateOfCreation=2015-10-11, producerId=0, producerName=toyota}], total=3} in 6 ms
04 Apr 2016 21:46:46,594[main] INFO  - com.epam.brest.course2015.dao.CarDao #getCarById([2]): Car:Car: {carId=2, carName='6ks, dateOfCreation=2015-10-11, producerId=0, producerName=toyota} in 100 ms
04 Apr 2016 21:46:46,623[main] INFO  - com.epam.brest.course2015.transactions.CarTransactions #getCarById([2]): Car:Car: {carId=2, carName='6ks, dateOfCreation=2015-10-11, producerId=0, producerName=toyota} in 143 ms
04 Apr 2016 21:46:46,626[main] INFO  - com.epam.brest.course2015.soap.CarEndpoint #getCarById([com.epam.brest.course2015.soap.GetCarByIdRequest@65b66b08]): GetCarByIdResponse:com.epam.brest.course2015.soap.GetCarByIdResponse@4726927c in 181 ms
04 Apr 2016 21:46:46,842[main] INFO  - com.epam.brest.course2015.dao.CarDao #getCarById([0]): Car:Car: {carId=0, carName='5dr, dateOfCreation=2015-10-14, producerId=0, producerName=toyota} in 2 ms
04 Apr 2016 21:46:46,854[main] INFO  - com.epam.brest.course2015.dao.CarDao #updateCar([Car: {carId=0, carName='newname, dateOfCreation=2015-10-10, producerId=0, producerName=}]): void in 11 ms
04 Apr 2016 21:46:46,855[main] INFO  - com.epam.brest.course2015.transactions.CarTransactions #updateCar([Car: {carId=0, carName='newname, dateOfCreation=2015-10-10, producerId=0, producerName=}]): void in 15 ms
04 Apr 2016 21:46:46,889[main] INFO  - com.epam.brest.course2015.dao.CarDao #getAllCars([]): ArrayList:[Car: {carId=0, carName='5dr, dateOfCreation=2015-10-14, producerId=0, producerName=toyota}, Car: {carId=1, carName='3hr, dateOfCreation=2015-10-13, producerId=0, producerName=toyota}, Car: {carId=2, carName='6ks, dateOfCreation=2015-10-11, producerId=0, producerName=toyota}] in 4 ms
04 Apr 2016 21:46:46,890[main] INFO  - com.epam.brest.course2015.transactions.CarTransactions #getCarsDto([]): CarDto:CarDto{cars=[Car: {carId=0, carName='5dr, dateOfCreation=2015-10-14, producerId=0, producerName=toyota}, Car: {carId=1, carName='3hr, dateOfCreation=2015-10-13, producerId=0, producerName=toyota}, Car: {carId=2, carName='6ks, dateOfCreation=2015-10-11, producerId=0, producerName=toyota}], total=3} in 7 ms
06 Apr 2016 22:17:52,864[main] INFO  - com.epam.brest.course2015.dao.CarDao #getCarById([2]): Car:Car: {carId=2, carName='6ks, dateOfCreation=2015-10-11, producerId=0, producerName=toyota} in 397 ms
06 Apr 2016 22:17:52,897[main] INFO  - com.epam.brest.course2015.transactions.CarTransactions #getCarById([2]): Car:Car: {carId=2, carName='6ks, dateOfCreation=2015-10-11, producerId=0, producerName=toyota} in 473 ms
06 Apr 2016 22:17:52,917[main] INFO  - com.epam.brest.course2015.soap.CarEndpoint #getCarById([com.epam.brest.course2015.soap.GetCarByIdRequest@65b66b08]): GetCarByIdResponse:com.epam.brest.course2015.soap.GetCarByIdResponse@4726927c in 637 ms
06 Apr 2016 22:17:53,416[main] INFO  - com.epam.brest.course2015.dao.CarDao #getCarById([0]): Car:Car: {carId=0, carName='5dr, dateOfCreation=2015-10-14, producerId=0, producerName=toyota} in 4 ms
06 Apr 2016 22:17:53,483[main] INFO  - com.epam.brest.course2015.dao.CarDao #updateCar([Car: {carId=0, carName='newname, dateOfCreation=2015-10-10, producerId=0, producerName=}]): void in 43 ms
06 Apr 2016 22:17:53,485[main] INFO  - com.epam.brest.course2015.transactions.CarTransactions #updateCar([Car: {carId=0, carName='newname, dateOfCreation=2015-10-10, producerId=0, producerName=}]): void in 74 ms
06 Apr 2016 22:17:53,667[main] INFO  - com.epam.brest.course2015.dao.CarDao #getAllCars([]): ArrayList:[Car: {carId=0, carName='5dr, dateOfCreation=2015-10-14, producerId=0, producerName=toyota}, Car: {carId=1, carName='3hr, dateOfCreation=2015-10-13, producerId=0, producerName=toyota}, Car: {carId=2, carName='6ks, dateOfCreation=2015-10-11, producerId=0, producerName=toyota}] in 6 ms
06 Apr 2016 22:17:53,670[main] INFO  - com.epam.brest.course2015.transactions.CarTransactions #getCarsDto([]): CarDto:CarDto{cars=[Car: {carId=0, carName='5dr, dateOfCreation=2015-10-14, producerId=0, producerName=toyota}, Car: {carId=1, carName='3hr, dateOfCreation=2015-10-13, producerId=0, producerName=toyota}, Car: {carId=2, carName='6ks, dateOfCreation=2015-10-11, producerId=0, producerName=toyota}], total=3} in 16 ms
06 Apr 2016 22:24:53,349[main] INFO  - com.epam.brest.course2015.dao.CarDao #getCarById([2]): Car:Car: {carId=2, carName='6ks, dateOfCreation=2015-10-11, producerId=0, producerName=toyota} in 81 ms
06 Apr 2016 22:24:53,352[main] INFO  - com.epam.brest.course2015.transactions.CarTransactions #getCarById([2]): Car:Car: {carId=2, carName='6ks, dateOfCreation=2015-10-11, producerId=0, producerName=toyota} in 92 ms
06 Apr 2016 22:24:53,354[main] INFO  - com.epam.brest.course2015.soap.CarEndpoint #getCarById([com.epam.brest.course2015.soap.GetCarByIdRequest@65b66b08]): GetCarByIdResponse:com.epam.brest.course2015.soap.GetCarByIdResponse@4726927c in 124 ms
06 Apr 2016 22:24:53,442[main] INFO  - com.epam.brest.course2015.dao.CarDao #getCarById([0]): Car:Car: {carId=0, carName='5dr, dateOfCreation=2015-10-14, producerId=0, producerName=toyota} in 1 ms
06 Apr 2016 22:24:53,449[main] INFO  - com.epam.brest.course2015.dao.CarDao #updateCar([Car: {carId=0, carName='newname, dateOfCreation=2015-10-10, producerId=0, producerName=}]): void in 6 ms
06 Apr 2016 22:24:53,449[main] INFO  - com.epam.brest.course2015.transactions.CarTransactions #updateCar([Car: {carId=0, carName='newname, dateOfCreation=2015-10-10, producerId=0, producerName=}]): void in 8 ms
06 Apr 2016 22:24:53,484[main] INFO  - com.epam.brest.course2015.dao.CarDao #getAllCars([]): ArrayList:[Car: {carId=0, carName='5dr, dateOfCreation=2015-10-14, producerId=0, producerName=toyota}, Car: {carId=1, carName='3hr, dateOfCreation=2015-10-13, producerId=0, producerName=toyota}, Car: {carId=2, carName='6ks, dateOfCreation=2015-10-11, producerId=0, producerName=toyota}] in 2 ms
06 Apr 2016 22:24:53,485[main] INFO  - com.epam.brest.course2015.transactions.CarTransactions #getCarsDto([]): CarDto:CarDto{cars=[Car: {carId=0, carName='5dr, dateOfCreation=2015-10-14, producerId=0, producerName=toyota}, Car: {carId=1, carName='3hr, dateOfCreation=2015-10-13, producerId=0, producerName=toyota}, Car: {carId=2, carName='6ks, dateOfCreation=2015-10-11, producerId=0, producerName=toyota}], total=3} in 5 ms
06 Apr 2016 22:28:37,099[main] INFO  - com.epam.brest.course2015.dao.CarDao #getCarById([2]): Car:Car: {carId=2, carName='6ks, dateOfCreation=2015-10-11, producerId=0, producerName=toyota} in 205 ms
06 Apr 2016 22:28:37,102[main] INFO  - com.epam.brest.course2015.transactions.CarTransactions #getCarById([2]): Car:Car: {carId=2, carName='6ks, dateOfCreation=2015-10-11, producerId=0, producerName=toyota} in 233 ms
06 Apr 2016 22:28:37,113[main] INFO  - com.epam.brest.course2015.soap.CarEndpoint #getCarById([com.epam.brest.course2015.soap.GetCarByIdRequest@65b66b08]): GetCarByIdResponse:com.epam.brest.course2015.soap.GetCarByIdResponse@4726927c in 304 ms
06 Apr 2016 22:28:37,384[main] INFO  - com.epam.brest.course2015.dao.CarDao #getCarById([0]): Car:Car: {carId=0, carName='5dr, dateOfCreation=2015-10-14, producerId=0, producerName=toyota} in 3 ms
06 Apr 2016 22:28:37,404[main] INFO  - com.epam.brest.course2015.dao.CarDao #updateCar([Car: {carId=0, carName='newname, dateOfCreation=2015-10-10, producerId=0, producerName=}]): void in 10 ms
06 Apr 2016 22:28:37,405[main] INFO  - com.epam.brest.course2015.transactions.CarTransactions #updateCar([Car: {carId=0, carName='newname, dateOfCreation=2015-10-10, producerId=0, producerName=}]): void in 23 ms
06 Apr 2016 22:28:37,519[main] INFO  - com.epam.brest.course2015.dao.CarDao #getAllCars([]): ArrayList:[Car: {carId=0, carName='5dr, dateOfCreation=2015-10-14, producerId=0, producerName=toyota}, Car: {carId=1, carName='3hr, dateOfCreation=2015-10-13, producerId=0, producerName=toyota}, Car: {carId=2, carName='6ks, dateOfCreation=2015-10-11, producerId=0, producerName=toyota}] in 6 ms
06 Apr 2016 22:28:37,521[main] INFO  - com.epam.brest.course2015.transactions.CarTransactions #getCarsDto([]): CarDto:CarDto{cars=[Car: {carId=0, carName='5dr, dateOfCreation=2015-10-14, producerId=0, producerName=toyota}, Car: {carId=1, carName='3hr, dateOfCreation=2015-10-13, producerId=0, producerName=toyota}, Car: {carId=2, carName='6ks, dateOfCreation=2015-10-11, producerId=0, producerName=toyota}], total=3} in 13 ms
