18 мар 2016 16:52:15,705[main] INFO  - com.epam.brest.course2015.provider.CarServiceConsumer #getCarsDtoByDate([10/10/2015, 15/10/2015]): void in 158 ms
18 мар 2016 16:52:15,709[main] INFO  - com.epam.brest.course2015.web.CarWebController #getCarByDateDto([10/10/2015, 15/10/2015]): ModelAndView:ModelAndView: reference to view with name 'carsbydate'; model is {dto=null} in 201 ms
18 мар 2016 16:52:15,819[main] INFO  - com.epam.brest.course2015.provider.CarServiceConsumer #deleteCar([1]): void in 0 ms
18 мар 2016 16:52:15,819[main] INFO  - com.epam.brest.course2015.web.CarWebController #deleteCar([1]): String:redirect:/car in 3 ms
18 мар 2016 16:52:15,917[main] INFO  - com.epam.brest.course2015.provider.CarServiceConsumer #getCarById([1]): Car:Car: {carId=null, carName='null, dateOfCreation=null, producerId=no, producerName=no} in 27 ms
18 мар 2016 16:52:15,924[main] INFO  - com.epam.brest.course2015.provider.ProducerServiceConsumer #getProducersDto([]): ProducerDto:ProducerDto{producers=null, total=null} in 5 ms
18 мар 2016 16:52:15,925[main] INFO  - com.epam.brest.course2015.web.CarWebController #updateCarForm([1]): ModelAndView:ModelAndView: reference to view with name 'carform'; model is {car=Car: {carId=null, carName='null, dateOfCreation=null, producerId=no, producerName=no}, producersdto=ProducerDto{producers=null, total=null}} in 37 ms
18 мар 2016 16:52:16,024[main] INFO  - com.epam.brest.course2015.provider.CarServiceConsumer #updateCar([Car: {carId=null, carName='null, dateOfCreation=null, producerId=no, producerName=no}]): void in 33 ms
18 мар 2016 16:52:16,024[main] INFO  - com.epam.brest.course2015.web.CarWebController #saveUpdatedCar([Car: {carId=null, carName='null, dateOfCreation=null, producerId=no, producerName=no}]): String:redirect:/car in 35 ms
18 мар 2016 16:52:16,110[main] INFO  - com.epam.brest.course2015.provider.CarServiceConsumer #getCarsDto([]): CarDto:CarDto{cars=null, total=null} in 2 ms
18 мар 2016 16:52:16,110[main] INFO  - com.epam.brest.course2015.web.CarWebController #getCarDto([]): ModelAndView:ModelAndView: reference to view with name 'cars'; model is {dto=CarDto{cars=null, total=null}} in 3 ms
18 мар 2016 16:52:16,225[main] INFO  - com.epam.brest.course2015.provider.CarServiceConsumer #addCar([Car: {carId=null, carName='null, dateOfCreation=null, producerId=no, producerName=no}]): Integer:3 in 4 ms
18 мар 2016 16:52:16,226[main] INFO  - com.epam.brest.course2015.web.CarWebController #addCar([Car: {carId=null, carName='null, dateOfCreation=null, producerId=no, producerName=no}]): String:redirect:/car in 7 ms
18 мар 2016 16:52:16,663[main] INFO  - com.epam.brest.course2015.provider.ProducerServiceConsumer #getProducerById([1]): Producer:Producer: {producerId=null, producerName='null, country=null, countOfCars=0
Cars: null} in 3 ms
18 мар 2016 16:52:16,664[main] INFO  - com.epam.brest.course2015.web.ProducerWebController #updateProducerForm([1]): ModelAndView:ModelAndView: reference to view with name 'producerform'; model is {producer=Producer: {producerId=null, producerName='null, country=null, countOfCars=0
Cars: null}} in 24 ms
18 мар 2016 16:52:16,746[main] INFO  - com.epam.brest.course2015.provider.ProducerServiceConsumer #updateProducer([Producer: {producerId=null, producerName='null, country=null, countOfCars=0
Cars: null}]): void in 31 ms
18 мар 2016 16:52:16,746[main] INFO  - com.epam.brest.course2015.web.ProducerWebController #saveUpdatedProducer([Producer: {producerId=null, producerName='null, country=null, countOfCars=0
Cars: null}]): String:redirect:/producer in 33 ms
18 мар 2016 16:52:16,793[main] INFO  - com.epam.brest.course2015.provider.ProducerServiceConsumer #deleteProducer([1]): void in 1 ms
18 мар 2016 16:52:16,794[main] INFO  - com.epam.brest.course2015.web.ProducerWebController #deleteProducer([1]): String:redirect:/producer in 3 ms
18 мар 2016 16:52:16,866[main] INFO  - com.epam.brest.course2015.provider.ProducerServiceConsumer #getProducersDto([]): ProducerDto:ProducerDto{producers=null, total=null} in 4 ms
18 мар 2016 16:52:16,867[main] INFO  - com.epam.brest.course2015.web.ProducerWebController #getProducerDto([]): ModelAndView:ModelAndView: reference to view with name 'producers'; model is {dto=ProducerDto{producers=null, total=null}} in 5 ms
18 мар 2016 16:52:16,904[main] INFO  - com.epam.brest.course2015.provider.ProducerServiceConsumer #addProducer([Producer: {producerId=null, producerName='null, country=null, countOfCars=0
Cars: null}]): Integer:3 in 1 ms
18 мар 2016 16:52:16,905[main] INFO  - com.epam.brest.course2015.web.ProducerWebController #addProducer([Producer: {producerId=null, producerName='null, country=null, countOfCars=0
Cars: null}]): String:redirect:/producer in 6 ms
22 мар 2016 00:07:25,375[main] INFO  - com.epam.brest.course2015.provider.CarServiceConsumer #getCarsDtoByDate([10/10/2015, 15/10/2015]): void in 151 ms
22 мар 2016 00:07:25,409[main] INFO  - com.epam.brest.course2015.web.CarWebController #getCarByDateDto([10/10/2015, 15/10/2015]): ModelAndView:ModelAndView: reference to view with name 'carsbydate'; model is {dto=null} in 223 ms
22 мар 2016 00:07:25,562[main] INFO  - com.epam.brest.course2015.provider.CarServiceConsumer #deleteCar([1]): void in 1 ms
22 мар 2016 00:07:25,563[main] INFO  - com.epam.brest.course2015.web.CarWebController #deleteCar([1]): String:redirect:/car in 3 ms
22 мар 2016 00:07:25,642[main] INFO  - com.epam.brest.course2015.provider.CarServiceConsumer #getCarById([1]): Car:Car: {carId=null, carName='null, dateOfCreation=null, producerId=no, producerName=no} in 23 ms
22 мар 2016 00:07:25,650[main] INFO  - com.epam.brest.course2015.provider.ProducerServiceConsumer #getProducersDto([]): ProducerDto:ProducerDto{producers=null, total=null} in 5 ms
22 мар 2016 00:07:25,650[main] INFO  - com.epam.brest.course2015.web.CarWebController #updateCarForm([1]): ModelAndView:ModelAndView: reference to view with name 'carform'; model is {car=Car: {carId=null, carName='null, dateOfCreation=null, producerId=no, producerName=no}, producersdto=ProducerDto{producers=null, total=null}} in 33 ms
22 мар 2016 00:07:25,747[main] INFO  - com.epam.brest.course2015.provider.CarServiceConsumer #updateCar([Car: {carId=null, carName='null, dateOfCreation=null, producerId=no, producerName=no}]): void in 32 ms
22 мар 2016 00:07:25,747[main] INFO  - com.epam.brest.course2015.web.CarWebController #saveUpdatedCar([Car: {carId=null, carName='null, dateOfCreation=null, producerId=no, producerName=no}]): String:redirect:/car in 34 ms
22 мар 2016 00:07:25,796[main] INFO  - com.epam.brest.course2015.provider.CarServiceConsumer #getCarsDto([]): CarDto:CarDto{cars=null, total=null} in 1 ms
22 мар 2016 00:07:25,796[main] INFO  - com.epam.brest.course2015.web.CarWebController #getCarDto([]): ModelAndView:ModelAndView: reference to view with name 'cars'; model is {dto=CarDto{cars=null, total=null}} in 3 ms
22 мар 2016 00:07:25,848[main] INFO  - com.epam.brest.course2015.provider.CarServiceConsumer #addCar([Car: {carId=null, carName='null, dateOfCreation=null, producerId=no, producerName=no}]): Integer:3 in 3 ms
22 мар 2016 00:07:25,849[main] INFO  - com.epam.brest.course2015.web.CarWebController #addCar([Car: {carId=null, carName='null, dateOfCreation=null, producerId=no, producerName=no}]): String:redirect:/car in 5 ms
22 мар 2016 00:07:26,260[main] INFO  - com.epam.brest.course2015.provider.ProducerServiceConsumer #getProducerById([1]): Producer:Producer: {producerId=null, producerName='null, country=null, countOfCars=0
Cars: null} in 4 ms
22 мар 2016 00:07:26,262[main] INFO  - com.epam.brest.course2015.web.ProducerWebController #updateProducerForm([1]): ModelAndView:ModelAndView: reference to view with name 'producerform'; model is {producer=Producer: {producerId=null, producerName='null, country=null, countOfCars=0
Cars: null}} in 24 ms
22 мар 2016 00:07:26,353[main] INFO  - com.epam.brest.course2015.provider.ProducerServiceConsumer #updateProducer([Producer: {producerId=null, producerName='null, country=null, countOfCars=0
Cars: null}]): void in 32 ms
22 мар 2016 00:07:26,354[main] INFO  - com.epam.brest.course2015.web.ProducerWebController #saveUpdatedProducer([Producer: {producerId=null, producerName='null, country=null, countOfCars=0
Cars: null}]): String:redirect:/producer in 33 ms
22 мар 2016 00:07:26,398[main] INFO  - com.epam.brest.course2015.provider.ProducerServiceConsumer #deleteProducer([1]): void in 0 ms
22 мар 2016 00:07:26,399[main] INFO  - com.epam.brest.course2015.web.ProducerWebController #deleteProducer([1]): String:redirect:/producer in 2 ms
22 мар 2016 00:07:26,436[main] INFO  - com.epam.brest.course2015.provider.ProducerServiceConsumer #getProducersDto([]): ProducerDto:ProducerDto{producers=null, total=null} in 3 ms
22 мар 2016 00:07:26,436[main] INFO  - com.epam.brest.course2015.web.ProducerWebController #getProducerDto([]): ModelAndView:ModelAndView: reference to view with name 'producers'; model is {dto=ProducerDto{producers=null, total=null}} in 5 ms
22 мар 2016 00:07:26,479[main] INFO  - com.epam.brest.course2015.provider.ProducerServiceConsumer #addProducer([Producer: {producerId=null, producerName='null, country=null, countOfCars=0
Cars: null}]): Integer:3 in 1 ms
22 мар 2016 00:07:26,479[main] INFO  - com.epam.brest.course2015.web.ProducerWebController #addProducer([Producer: {producerId=null, producerName='null, country=null, countOfCars=0
Cars: null}]): String:redirect:/producer in 4 ms
22 мар 2016 23:08:50,924[main] INFO  - com.epam.brest.course2015.provider.CarServiceConsumer #getCarsDtoByDate([10/10/2015, 15/10/2015]): void in 123 ms
22 мар 2016 23:08:50,934[main] INFO  - com.epam.brest.course2015.web.CarWebController #getCarByDateDto([10/10/2015, 15/10/2015]): ModelAndView:ModelAndView: reference to view with name 'carsbydate'; model is {dto=null} in 165 ms
22 мар 2016 23:08:51,026[main] INFO  - com.epam.brest.course2015.provider.CarServiceConsumer #deleteCar([1]): void in 1 ms
22 мар 2016 23:08:51,026[main] INFO  - com.epam.brest.course2015.web.CarWebController #deleteCar([1]): String:redirect:/car in 2 ms
22 мар 2016 23:08:51,092[main] INFO  - com.epam.brest.course2015.provider.CarServiceConsumer #getCarById([1]): Car:Car: {carId=null, carName='null, dateOfCreation=null, producerId=no, producerName=no} in 14 ms
22 мар 2016 23:08:51,097[main] INFO  - com.epam.brest.course2015.provider.ProducerServiceConsumer #getProducersDto([]): ProducerDto:ProducerDto{producers=null, total=null} in 4 ms
22 мар 2016 23:08:51,097[main] INFO  - com.epam.brest.course2015.web.CarWebController #updateCarForm([1]): ModelAndView:ModelAndView: reference to view with name 'carform'; model is {car=Car: {carId=null, carName='null, dateOfCreation=null, producerId=no, producerName=no}, producersdto=ProducerDto{producers=null, total=null}} in 22 ms
22 мар 2016 23:08:51,173[main] INFO  - com.epam.brest.course2015.provider.CarServiceConsumer #updateCar([Car: {carId=null, carName='null, dateOfCreation=null, producerId=no, producerName=no}]): void in 23 ms
22 мар 2016 23:08:51,174[main] INFO  - com.epam.brest.course2015.web.CarWebController #saveUpdatedCar([Car: {carId=null, carName='null, dateOfCreation=null, producerId=no, producerName=no}]): String:redirect:/car in 26 ms
22 мар 2016 23:08:51,220[main] INFO  - com.epam.brest.course2015.provider.CarServiceConsumer #getCarsDto([]): CarDto:CarDto{cars=null, total=null} in 1 ms
22 мар 2016 23:08:51,221[main] INFO  - com.epam.brest.course2015.web.CarWebController #getCarDto([]): ModelAndView:ModelAndView: reference to view with name 'cars'; model is {dto=CarDto{cars=null, total=null}} in 4 ms
22 мар 2016 23:08:51,277[main] INFO  - com.epam.brest.course2015.provider.CarServiceConsumer #addCar([Car: {carId=null, carName='null, dateOfCreation=null, producerId=no, producerName=no}]): Integer:3 in 4 ms
22 мар 2016 23:08:51,277[main] INFO  - com.epam.brest.course2015.web.CarWebController #addCar([Car: {carId=null, carName='null, dateOfCreation=null, producerId=no, producerName=no}]): String:redirect:/car in 5 ms
22 мар 2016 23:08:51,622[main] INFO  - com.epam.brest.course2015.provider.ProducerServiceConsumer #getProducerById([1]): Producer:Producer: {producerId=null, producerName='null, country=null, countOfCars=0
Cars: null} in 3 ms
22 мар 2016 23:08:51,623[main] INFO  - com.epam.brest.course2015.web.ProducerWebController #updateProducerForm([1]): ModelAndView:ModelAndView: reference to view with name 'producerform'; model is {producer=Producer: {producerId=null, producerName='null, country=null, countOfCars=0
Cars: null}} in 37 ms
22 мар 2016 23:08:51,716[main] INFO  - com.epam.brest.course2015.provider.ProducerServiceConsumer #updateProducer([Producer: {producerId=null, producerName='null, country=null, countOfCars=0
Cars: null}]): void in 36 ms
22 мар 2016 23:08:51,717[main] INFO  - com.epam.brest.course2015.web.ProducerWebController #saveUpdatedProducer([Producer: {producerId=null, producerName='null, country=null, countOfCars=0
Cars: null}]): String:redirect:/producer in 38 ms
22 мар 2016 23:08:51,771[main] INFO  - com.epam.brest.course2015.provider.ProducerServiceConsumer #deleteProducer([1]): void in 0 ms
22 мар 2016 23:08:51,772[main] INFO  - com.epam.brest.course2015.web.ProducerWebController #deleteProducer([1]): String:redirect:/producer in 2 ms
22 мар 2016 23:08:51,841[main] INFO  - com.epam.brest.course2015.provider.ProducerServiceConsumer #getProducersDto([]): ProducerDto:ProducerDto{producers=null, total=null} in 3 ms
22 мар 2016 23:08:51,842[main] INFO  - com.epam.brest.course2015.web.ProducerWebController #getProducerDto([]): ModelAndView:ModelAndView: reference to view with name 'producers'; model is {dto=ProducerDto{producers=null, total=null}} in 6 ms
22 мар 2016 23:08:51,883[main] INFO  - com.epam.brest.course2015.provider.ProducerServiceConsumer #addProducer([Producer: {producerId=null, producerName='null, country=null, countOfCars=0
Cars: null}]): Integer:3 in 1 ms
22 мар 2016 23:08:51,884[main] INFO  - com.epam.brest.course2015.web.ProducerWebController #addProducer([Producer: {producerId=null, producerName='null, country=null, countOfCars=0
Cars: null}]): String:redirect:/producer in 4 ms
22 мар 2016 23:16:25,698[main] INFO  - com.epam.brest.course2015.provider.CarServiceConsumer #getCarsDtoByDate([10/10/2015, 15/10/2015]): void in 111 ms
22 мар 2016 23:16:25,701[main] INFO  - com.epam.brest.course2015.web.CarWebController #getCarByDateDto([10/10/2015, 15/10/2015]): ModelAndView:ModelAndView: reference to view with name 'carsbydate'; model is {dto=null} in 160 ms
22 мар 2016 23:16:25,781[main] INFO  - com.epam.brest.course2015.provider.CarServiceConsumer #deleteCar([1]): void in 1 ms
22 мар 2016 23:16:25,781[main] INFO  - com.epam.brest.course2015.web.CarWebController #deleteCar([1]): String:redirect:/car in 2 ms
22 мар 2016 23:16:25,842[main] INFO  - com.epam.brest.course2015.provider.CarServiceConsumer #getCarById([1]): Car:Car: {carId=null, carName='null, dateOfCreation=null, producerId=no, producerName=no} in 14 ms
22 мар 2016 23:16:25,849[main] INFO  - com.epam.brest.course2015.provider.ProducerServiceConsumer #getProducersDto([]): ProducerDto:ProducerDto{producers=null, total=null} in 5 ms
22 мар 2016 23:16:25,850[main] INFO  - com.epam.brest.course2015.web.CarWebController #updateCarForm([1]): ModelAndView:ModelAndView: reference to view with name 'carform'; model is {car=Car: {carId=null, carName='null, dateOfCreation=null, producerId=no, producerName=no}, producersdto=ProducerDto{producers=null, total=null}} in 22 ms
22 мар 2016 23:16:25,928[main] INFO  - com.epam.brest.course2015.provider.CarServiceConsumer #updateCar([Car: {carId=null, carName='null, dateOfCreation=null, producerId=no, producerName=no}]): void in 28 ms
22 мар 2016 23:16:25,929[main] INFO  - com.epam.brest.course2015.web.CarWebController #saveUpdatedCar([Car: {carId=null, carName='null, dateOfCreation=null, producerId=no, producerName=no}]): String:redirect:/car in 29 ms
22 мар 2016 23:16:25,971[main] INFO  - com.epam.brest.course2015.provider.CarServiceConsumer #getCarsDto([]): CarDto:CarDto{cars=null, total=null} in 1 ms
22 мар 2016 23:16:25,972[main] INFO  - com.epam.brest.course2015.web.CarWebController #getCarDto([]): ModelAndView:ModelAndView: reference to view with name 'cars'; model is {dto=CarDto{cars=null, total=null}} in 3 ms
22 мар 2016 23:16:26,021[main] INFO  - com.epam.brest.course2015.provider.CarServiceConsumer #addCar([Car: {carId=null, carName='null, dateOfCreation=null, producerId=no, producerName=no}]): Integer:3 in 3 ms
22 мар 2016 23:16:26,021[main] INFO  - com.epam.brest.course2015.web.CarWebController #addCar([Car: {carId=null, carName='null, dateOfCreation=null, producerId=no, producerName=no}]): String:redirect:/car in 4 ms
22 мар 2016 23:16:26,331[main] INFO  - com.epam.brest.course2015.provider.ProducerServiceConsumer #getProducerById([1]): Producer:Producer: {producerId=null, producerName='null, country=null, countOfCars=0
Cars: null} in 5 ms
22 мар 2016 23:16:26,332[main] INFO  - com.epam.brest.course2015.web.ProducerWebController #updateProducerForm([1]): ModelAndView:ModelAndView: reference to view with name 'producerform'; model is {producer=Producer: {producerId=null, producerName='null, country=null, countOfCars=0
Cars: null}} in 32 ms
22 мар 2016 23:16:26,404[main] INFO  - com.epam.brest.course2015.provider.ProducerServiceConsumer #updateProducer([Producer: {producerId=null, producerName='null, country=null, countOfCars=0
Cars: null}]): void in 26 ms
22 мар 2016 23:16:26,404[main] INFO  - com.epam.brest.course2015.web.ProducerWebController #saveUpdatedProducer([Producer: {producerId=null, producerName='null, country=null, countOfCars=0
Cars: null}]): String:redirect:/producer in 27 ms
22 мар 2016 23:16:26,445[main] INFO  - com.epam.brest.course2015.provider.ProducerServiceConsumer #deleteProducer([1]): void in 0 ms
22 мар 2016 23:16:26,445[main] INFO  - com.epam.brest.course2015.web.ProducerWebController #deleteProducer([1]): String:redirect:/producer in 2 ms
22 мар 2016 23:16:26,507[main] INFO  - com.epam.brest.course2015.provider.ProducerServiceConsumer #getProducersDto([]): ProducerDto:ProducerDto{producers=null, total=null} in 4 ms
22 мар 2016 23:16:26,508[main] INFO  - com.epam.brest.course2015.web.ProducerWebController #getProducerDto([]): ModelAndView:ModelAndView: reference to view with name 'producers'; model is {dto=ProducerDto{producers=null, total=null}} in 6 ms
22 мар 2016 23:16:26,547[main] INFO  - com.epam.brest.course2015.provider.ProducerServiceConsumer #addProducer([Producer: {producerId=null, producerName='null, country=null, countOfCars=0
Cars: null}]): Integer:3 in 1 ms
22 мар 2016 23:16:26,548[main] INFO  - com.epam.brest.course2015.web.ProducerWebController #addProducer([Producer: {producerId=null, producerName='null, country=null, countOfCars=0
Cars: null}]): String:redirect:/producer in 4 ms
23 мар 2016 13:47:33,019[main] INFO  - com.epam.brest.course2015.provider.CarServiceConsumer #getCarsDtoByDate([10/10/2015, 15/10/2015]): void in 141 ms
23 мар 2016 13:47:33,040[main] INFO  - com.epam.brest.course2015.web.CarWebController #getCarByDateDto([10/10/2015, 15/10/2015]): ModelAndView:ModelAndView: reference to view with name 'carsbydate'; model is {dto=null} in 202 ms
23 мар 2016 13:47:33,141[main] INFO  - com.epam.brest.course2015.provider.CarServiceConsumer #deleteCar([1]): void in 0 ms
23 мар 2016 13:47:33,141[main] INFO  - com.epam.brest.course2015.web.CarWebController #deleteCar([1]): String:redirect:/car in 1 ms
23 мар 2016 13:47:33,213[main] INFO  - com.epam.brest.course2015.provider.CarServiceConsumer #getCarById([1]): Car:Car: {carId=null, carName='null, dateOfCreation=null, producerId=no, producerName=no} in 16 ms
23 мар 2016 13:47:33,221[main] INFO  - com.epam.brest.course2015.provider.ProducerServiceConsumer #getProducersDto([]): ProducerDto:ProducerDto{producers=null, total=null} in 7 ms
23 мар 2016 13:47:33,221[main] INFO  - com.epam.brest.course2015.web.CarWebController #updateCarForm([1]): ModelAndView:ModelAndView: reference to view with name 'carform'; model is {car=Car: {carId=null, carName='null, dateOfCreation=null, producerId=no, producerName=no}, producersdto=ProducerDto{producers=null, total=null}} in 26 ms
23 мар 2016 13:47:33,319[main] INFO  - com.epam.brest.course2015.provider.CarServiceConsumer #updateCar([Car: {carId=null, carName='null, dateOfCreation=null, producerId=no, producerName=no}]): void in 33 ms
23 мар 2016 13:47:33,319[main] INFO  - com.epam.brest.course2015.web.CarWebController #saveUpdatedCar([Car: {carId=null, carName='null, dateOfCreation=null, producerId=no, producerName=no}]): String:redirect:/car in 35 ms
23 мар 2016 13:47:33,360[main] INFO  - com.epam.brest.course2015.provider.CarServiceConsumer #getCarsDto([]): CarDto:CarDto{cars=null, total=null} in 1 ms
23 мар 2016 13:47:33,360[main] INFO  - com.epam.brest.course2015.web.CarWebController #getCarDto([]): ModelAndView:ModelAndView: reference to view with name 'cars'; model is {dto=CarDto{cars=null, total=null}} in 3 ms
23 мар 2016 13:47:33,441[main] INFO  - com.epam.brest.course2015.provider.CarServiceConsumer #addCar([Car: {carId=null, carName='null, dateOfCreation=null, producerId=no, producerName=no}]): Integer:3 in 13 ms
23 мар 2016 13:47:33,441[main] INFO  - com.epam.brest.course2015.web.CarWebController #addCar([Car: {carId=null, carName='null, dateOfCreation=null, producerId=no, producerName=no}]): String:redirect:/car in 16 ms
23 мар 2016 13:47:33,798[main] INFO  - com.epam.brest.course2015.provider.ProducerServiceConsumer #getProducerById([1]): Producer:Producer: {producerId=null, producerName='null, country=null, countOfCars=0
Cars: null} in 5 ms
23 мар 2016 13:47:33,799[main] INFO  - com.epam.brest.course2015.web.ProducerWebController #updateProducerForm([1]): ModelAndView:ModelAndView: reference to view with name 'producerform'; model is {producer=Producer: {producerId=null, producerName='null, country=null, countOfCars=0
Cars: null}} in 24 ms
23 мар 2016 13:47:33,870[main] INFO  - com.epam.brest.course2015.provider.ProducerServiceConsumer #updateProducer([Producer: {producerId=null, producerName='null, country=null, countOfCars=0
Cars: null}]): void in 24 ms
23 мар 2016 13:47:33,871[main] INFO  - com.epam.brest.course2015.web.ProducerWebController #saveUpdatedProducer([Producer: {producerId=null, producerName='null, country=null, countOfCars=0
Cars: null}]): String:redirect:/producer in 27 ms
23 мар 2016 13:47:33,902[main] INFO  - com.epam.brest.course2015.provider.ProducerServiceConsumer #deleteProducer([1]): void in 0 ms
23 мар 2016 13:47:33,903[main] INFO  - com.epam.brest.course2015.web.ProducerWebController #deleteProducer([1]): String:redirect:/producer in 2 ms
23 мар 2016 13:47:33,978[main] INFO  - com.epam.brest.course2015.provider.ProducerServiceConsumer #getProducersDto([]): ProducerDto:ProducerDto{producers=null, total=null} in 4 ms
23 мар 2016 13:47:33,978[main] INFO  - com.epam.brest.course2015.web.ProducerWebController #getProducerDto([]): ModelAndView:ModelAndView: reference to view with name 'producers'; model is {dto=ProducerDto{producers=null, total=null}} in 5 ms
23 мар 2016 13:47:34,033[main] INFO  - com.epam.brest.course2015.provider.ProducerServiceConsumer #addProducer([Producer: {producerId=null, producerName='null, country=null, countOfCars=0
Cars: null}]): Integer:3 in 1 ms
23 мар 2016 13:47:34,033[main] INFO  - com.epam.brest.course2015.web.ProducerWebController #addProducer([Producer: {producerId=null, producerName='null, country=null, countOfCars=0
Cars: null}]): String:redirect:/producer in 4 ms
