18 мар 2016 16:51:54,020[main] INFO  - com.epam.brest.course2015.dao.ProducerDao #getTotalCount([]): Integer:2 in 245 ms
18 мар 2016 16:51:54,063[main] INFO  - com.epam.brest.course2015.dao.ProducerDao #countCarsByProducerId([0]): Integer:3 in 22 ms
18 мар 2016 16:51:54,076[main] INFO  - com.epam.brest.course2015.dao.ProducerDao #getTotalCount([]): Integer:2 in 2 ms
18 мар 2016 16:51:54,130[main] INFO  - com.epam.brest.course2015.dao.ProducerDao #deleteProducer([0]): void in 48 ms
18 мар 2016 16:51:54,162[main] INFO  - com.epam.brest.course2015.dao.ProducerDao #getTotalCount([]): Integer:1 in 31 ms
18 мар 2016 16:51:54,180[main] INFO  - com.epam.brest.course2015.dao.ProducerDao #deleteAllCarsWithProducerId([0]): void in 4 ms
18 мар 2016 16:51:54,240[main] INFO  - com.epam.brest.course2015.dao.ProducerDao #getAllProducers([]): ArrayList:[Producer: {producerId=0, producerName='toyota, country=Korea, countOfCars=0
Cars: null}, Producer: {producerId=1, producerName='toyot, country=Kor, countOfCars=0
Cars: null}] in 30 ms
18 мар 2016 16:51:54,267[main] INFO  - com.epam.brest.course2015.dao.ProducerDao #addProducer([Producer: {producerId=2, producerName='newProducer, country=newCountry, countOfCars=0
Cars: null}]): Integer:2 in 11 ms
18 мар 2016 16:51:54,397[main] INFO  - com.epam.brest.course2015.dao.ProducerDao #updateProducer([Producer: {producerId=0, producerName='updatedProducer, country=updatedCountry, countOfCars=3
Cars: [Car: {carId=0, carName='5dr, dateOfCreation=2015-10-14, producerId=0, producerName=updatedProducer}, Car: {carId=1, carName='3hr, dateOfCreation=2015-10-13, producerId=0, producerName=updatedProducer}, Car: {carId=2, carName='6ks, dateOfCreation=2015-10-11, producerId=0, producerName=updatedProducer}]}]): void in 118 ms
18 мар 2016 16:51:54,404[main] INFO  - com.epam.brest.course2015.dao.ProducerDao #getProducerById([0]): Producer:Producer: {producerId=0, producerName='updatedProducer, country=updatedCountry, countOfCars=0
Cars: null} in 4 ms
18 мар 2016 16:51:54,417[main] INFO  - com.epam.brest.course2015.dao.ProducerDao #getProducerById([0]): Producer:Producer: {producerId=0, producerName='toyota, country=Korea, countOfCars=0
Cars: null} in 3 ms
18 мар 2016 16:51:54,519[main] INFO  - com.epam.brest.course2015.dao.CarDao #getCountOfCarsByProducerId([0]): Integer:3 in 2 ms
18 мар 2016 16:51:54,549[main] INFO  - com.epam.brest.course2015.dao.CarDao #getCountCarsById([0]): Integer:1 in 6 ms
18 мар 2016 16:51:54,576[main] INFO  - com.epam.brest.course2015.dao.CarDao #getPagingList([1, 2]): ArrayList:[Car: {carId=1, carName='3hr, dateOfCreation=2015-10-13, producerId=0, producerName=toyota}, Car: {carId=2, carName='6ks, dateOfCreation=2015-10-11, producerId=0, producerName=toyota}] in 12 ms
18 мар 2016 16:51:54,600[main] INFO  - com.epam.brest.course2015.dao.CarDao #updateCar([Car: {carId=0, carName='updatedCar, dateOfCreation=2013-02-23, producerId=no, producerName=no}]): void in 7 ms
18 мар 2016 16:51:54,607[main] INFO  - com.epam.brest.course2015.dao.CarDao #getCarById([0]): Car:Car: {carId=0, carName='updatedCar, dateOfCreation=2013-02-23, producerId=no, producerName=no} in 1 ms
18 мар 2016 16:51:54,634[main] INFO  - com.epam.brest.course2015.dao.CarDao #getAllCars([]): ArrayList:[Car: {carId=0, carName='5dr, dateOfCreation=2015-10-14, producerId=0, producerName=toyota}, Car: {carId=1, carName='3hr, dateOfCreation=2015-10-13, producerId=0, producerName=toyota}, Car: {carId=2, carName='6ks, dateOfCreation=2015-10-11, producerId=0, producerName=toyota}] in 7 ms
18 мар 2016 16:51:54,660[main] INFO  - com.epam.brest.course2015.dao.CarDao #deleteCar([1]): void in 5 ms
18 мар 2016 16:51:54,664[main] INFO  - com.epam.brest.course2015.dao.CarDao #getCarById([1]): void in 0 ms
18 мар 2016 16:51:54,696[main] INFO  - com.epam.brest.course2015.dao.CarDao #getListOfCarsByDateOfCreation([2015-10-12, 2015-10-15]): ArrayList:[Car: {carId=0, carName='5dr, dateOfCreation=2015-10-14, producerId=0, producerName=toyota}, Car: {carId=1, carName='3hr, dateOfCreation=2015-10-13, producerId=0, producerName=toyota}] in 15 ms
18 мар 2016 16:51:54,724[main] INFO  - com.epam.brest.course2015.dao.CarDao #getTotalCount([]): Integer:3 in 8 ms
18 мар 2016 16:51:54,756[main] INFO  - com.epam.brest.course2015.dao.CarDao #getCarById([1]): Car:Car: {carId=1, carName='3hr, dateOfCreation=2015-10-13, producerId=0, producerName=toyota} in 3 ms
18 мар 2016 16:51:54,792[main] INFO  - com.epam.brest.course2015.dao.CarDao #addCar([Car: {carId=3, carName='newCar, dateOfCreation=2015-06-23, producerId=1, producerName=toyot}]): Integer:3 in 8 ms
22 мар 2016 00:06:59,118[main] INFO  - com.epam.brest.course2015.dao.ProducerDao #getTotalCount([]): Integer:2 in 492 ms
22 мар 2016 00:06:59,167[main] INFO  - com.epam.brest.course2015.dao.ProducerDao #countCarsByProducerId([0]): Integer:3 in 23 ms
22 мар 2016 00:06:59,178[main] INFO  - com.epam.brest.course2015.dao.ProducerDao #getTotalCount([]): Integer:2 in 2 ms
22 мар 2016 00:06:59,243[main] INFO  - com.epam.brest.course2015.dao.ProducerDao #deleteProducer([0]): void in 63 ms
22 мар 2016 00:06:59,282[main] INFO  - com.epam.brest.course2015.dao.ProducerDao #getTotalCount([]): Integer:1 in 37 ms
22 мар 2016 00:06:59,304[main] INFO  - com.epam.brest.course2015.dao.ProducerDao #deleteAllCarsWithProducerId([0]): void in 3 ms
22 мар 2016 00:06:59,346[main] INFO  - com.epam.brest.course2015.dao.ProducerDao #getAllProducers([]): ArrayList:[Producer: {producerId=0, producerName='toyota, country=Korea, countOfCars=0
Cars: null}, Producer: {producerId=1, producerName='toyot, country=Kor, countOfCars=0
Cars: null}] in 22 ms
22 мар 2016 00:06:59,383[main] INFO  - com.epam.brest.course2015.dao.ProducerDao #addProducer([Producer: {producerId=2, producerName='newProducer, country=newCountry, countOfCars=0
Cars: null}]): Integer:2 in 15 ms
22 мар 2016 00:06:59,531[main] INFO  - com.epam.brest.course2015.dao.ProducerDao #updateProducer([Producer: {producerId=0, producerName='updatedProducer, country=updatedCountry, countOfCars=3
Cars: [Car: {carId=0, carName='5dr, dateOfCreation=2015-10-14, producerId=0, producerName=updatedProducer}, Car: {carId=1, carName='3hr, dateOfCreation=2015-10-13, producerId=0, producerName=updatedProducer}, Car: {carId=2, carName='6ks, dateOfCreation=2015-10-11, producerId=0, producerName=updatedProducer}]}]): void in 129 ms
22 мар 2016 00:06:59,539[main] INFO  - com.epam.brest.course2015.dao.ProducerDao #getProducerById([0]): Producer:Producer: {producerId=0, producerName='updatedProducer, country=updatedCountry, countOfCars=0
Cars: null} in 4 ms
22 мар 2016 00:06:59,575[main] INFO  - com.epam.brest.course2015.dao.ProducerDao #getProducerById([0]): Producer:Producer: {producerId=0, producerName='toyota, country=Korea, countOfCars=0
Cars: null} in 8 ms
22 мар 2016 00:06:59,648[main] INFO  - com.epam.brest.course2015.dao.CarDao #getCountOfCarsByProducerId([0]): Integer:3 in 2 ms
22 мар 2016 00:06:59,680[main] INFO  - com.epam.brest.course2015.dao.CarDao #getCountCarsById([0]): Integer:1 in 5 ms
22 мар 2016 00:06:59,698[main] INFO  - com.epam.brest.course2015.dao.CarDao #getPagingList([1, 2]): ArrayList:[Car: {carId=1, carName='3hr, dateOfCreation=2015-10-13, producerId=0, producerName=toyota}, Car: {carId=2, carName='6ks, dateOfCreation=2015-10-11, producerId=0, producerName=toyota}] in 9 ms
22 мар 2016 00:06:59,739[main] INFO  - com.epam.brest.course2015.dao.CarDao #updateCar([Car: {carId=0, carName='updatedCar, dateOfCreation=2013-02-23, producerId=no, producerName=no}]): void in 14 ms
22 мар 2016 00:06:59,742[main] INFO  - com.epam.brest.course2015.dao.CarDao #getCarById([0]): Car:Car: {carId=0, carName='updatedCar, dateOfCreation=2013-02-23, producerId=no, producerName=no} in 0 ms
22 мар 2016 00:06:59,770[main] INFO  - com.epam.brest.course2015.dao.CarDao #getAllCars([]): ArrayList:[Car: {carId=0, carName='5dr, dateOfCreation=2015-10-14, producerId=0, producerName=toyota}, Car: {carId=1, carName='3hr, dateOfCreation=2015-10-13, producerId=0, producerName=toyota}, Car: {carId=2, carName='6ks, dateOfCreation=2015-10-11, producerId=0, producerName=toyota}] in 12 ms
22 мар 2016 00:06:59,800[main] INFO  - com.epam.brest.course2015.dao.CarDao #deleteCar([1]): void in 19 ms
22 мар 2016 00:06:59,801[main] INFO  - com.epam.brest.course2015.dao.CarDao #getCarById([1]): void in 0 ms
22 мар 2016 00:06:59,828[main] INFO  - com.epam.brest.course2015.dao.CarDao #getListOfCarsByDateOfCreation([2015-10-12, 2015-10-15]): ArrayList:[Car: {carId=0, carName='5dr, dateOfCreation=2015-10-14, producerId=0, producerName=toyota}, Car: {carId=1, carName='3hr, dateOfCreation=2015-10-13, producerId=0, producerName=toyota}] in 19 ms
22 мар 2016 00:06:59,856[main] INFO  - com.epam.brest.course2015.dao.CarDao #getTotalCount([]): Integer:3 in 8 ms
22 мар 2016 00:06:59,869[main] INFO  - com.epam.brest.course2015.dao.CarDao #getCarById([1]): Car:Car: {carId=1, carName='3hr, dateOfCreation=2015-10-13, producerId=0, producerName=toyota} in 7 ms
22 мар 2016 00:06:59,896[main] INFO  - com.epam.brest.course2015.dao.CarDao #addCar([Car: {carId=3, carName='newCar, dateOfCreation=2015-06-23, producerId=1, producerName=toyot}]): Integer:3 in 10 ms
22 мар 2016 23:08:32,584[main] INFO  - com.epam.brest.course2015.dao.ProducerDao #getTotalCount([]): Integer:2 in 306 ms
22 мар 2016 23:08:32,641[main] INFO  - com.epam.brest.course2015.dao.ProducerDao #countCarsByProducerId([0]): Integer:3 in 26 ms
22 мар 2016 23:08:32,658[main] INFO  - com.epam.brest.course2015.dao.ProducerDao #getTotalCount([]): Integer:2 in 2 ms
22 мар 2016 23:08:32,724[main] INFO  - com.epam.brest.course2015.dao.ProducerDao #deleteProducer([0]): void in 58 ms
22 мар 2016 23:08:32,751[main] INFO  - com.epam.brest.course2015.dao.ProducerDao #getTotalCount([]): Integer:1 in 26 ms
22 мар 2016 23:08:32,761[main] INFO  - com.epam.brest.course2015.dao.ProducerDao #deleteAllCarsWithProducerId([0]): void in 1 ms
22 мар 2016 23:08:32,782[main] INFO  - com.epam.brest.course2015.dao.ProducerDao #getAllProducers([]): ArrayList:[Producer: {producerId=0, producerName='toyota, country=Korea, countOfCars=0
Cars: null}, Producer: {producerId=1, producerName='toyot, country=Kor, countOfCars=0
Cars: null}] in 13 ms
22 мар 2016 23:08:32,803[main] INFO  - com.epam.brest.course2015.dao.ProducerDao #addProducer([Producer: {producerId=2, producerName='newProducer, country=newCountry, countOfCars=0
Cars: null}]): Integer:2 in 13 ms
22 мар 2016 23:08:32,922[main] INFO  - com.epam.brest.course2015.dao.ProducerDao #updateProducer([Producer: {producerId=0, producerName='updatedProducer, country=updatedCountry, countOfCars=3
Cars: [Car: {carId=0, carName='5dr, dateOfCreation=2015-10-14, producerId=0, producerName=updatedProducer}, Car: {carId=1, carName='3hr, dateOfCreation=2015-10-13, producerId=0, producerName=updatedProducer}, Car: {carId=2, carName='6ks, dateOfCreation=2015-10-11, producerId=0, producerName=updatedProducer}]}]): void in 109 ms
22 мар 2016 23:08:32,929[main] INFO  - com.epam.brest.course2015.dao.ProducerDao #getProducerById([0]): Producer:Producer: {producerId=0, producerName='updatedProducer, country=updatedCountry, countOfCars=0
Cars: null} in 4 ms
22 мар 2016 23:08:32,942[main] INFO  - com.epam.brest.course2015.dao.ProducerDao #getProducerById([0]): Producer:Producer: {producerId=0, producerName='toyota, country=Korea, countOfCars=0
Cars: null} in 3 ms
22 мар 2016 23:08:33,017[main] INFO  - com.epam.brest.course2015.dao.CarDao #getCountOfCarsByProducerId([0]): Integer:3 in 2 ms
22 мар 2016 23:08:33,030[main] INFO  - com.epam.brest.course2015.dao.CarDao #getCountCarsById([0]): Integer:1 in 5 ms
22 мар 2016 23:08:33,045[main] INFO  - com.epam.brest.course2015.dao.CarDao #getPagingList([1, 2]): ArrayList:[Car: {carId=1, carName='3hr, dateOfCreation=2015-10-13, producerId=0, producerName=toyota}, Car: {carId=2, carName='6ks, dateOfCreation=2015-10-11, producerId=0, producerName=toyota}] in 7 ms
22 мар 2016 23:08:33,057[main] INFO  - com.epam.brest.course2015.dao.CarDao #updateCar([Car: {carId=0, carName='updatedCar, dateOfCreation=2013-02-23, producerId=no, producerName=no}]): void in 4 ms
22 мар 2016 23:08:33,060[main] INFO  - com.epam.brest.course2015.dao.CarDao #getCarById([0]): Car:Car: {carId=0, carName='updatedCar, dateOfCreation=2013-02-23, producerId=no, producerName=no} in 0 ms
22 мар 2016 23:08:33,072[main] INFO  - com.epam.brest.course2015.dao.CarDao #getAllCars([]): ArrayList:[Car: {carId=0, carName='5dr, dateOfCreation=2015-10-14, producerId=0, producerName=toyota}, Car: {carId=1, carName='3hr, dateOfCreation=2015-10-13, producerId=0, producerName=toyota}, Car: {carId=2, carName='6ks, dateOfCreation=2015-10-11, producerId=0, producerName=toyota}] in 4 ms
22 мар 2016 23:08:33,084[main] INFO  - com.epam.brest.course2015.dao.CarDao #deleteCar([1]): void in 3 ms
22 мар 2016 23:08:33,085[main] INFO  - com.epam.brest.course2015.dao.CarDao #getCarById([1]): void in 0 ms
22 мар 2016 23:08:33,102[main] INFO  - com.epam.brest.course2015.dao.CarDao #getListOfCarsByDateOfCreation([2015-10-12, 2015-10-15]): ArrayList:[Car: {carId=0, carName='5dr, dateOfCreation=2015-10-14, producerId=0, producerName=toyota}, Car: {carId=1, carName='3hr, dateOfCreation=2015-10-13, producerId=0, producerName=toyota}] in 10 ms
22 мар 2016 23:08:33,114[main] INFO  - com.epam.brest.course2015.dao.CarDao #getTotalCount([]): Integer:3 in 4 ms
22 мар 2016 23:08:33,123[main] INFO  - com.epam.brest.course2015.dao.CarDao #getCarById([1]): Car:Car: {carId=1, carName='3hr, dateOfCreation=2015-10-13, producerId=0, producerName=toyota} in 3 ms
22 мар 2016 23:08:33,139[main] INFO  - com.epam.brest.course2015.dao.CarDao #addCar([Car: {carId=3, carName='newCar, dateOfCreation=2015-06-23, producerId=1, producerName=toyot}]): Integer:3 in 9 ms
22 мар 2016 23:16:09,043[main] INFO  - com.epam.brest.course2015.dao.ProducerDao #getTotalCount([]): Integer:2 in 214 ms
22 мар 2016 23:16:09,083[main] INFO  - com.epam.brest.course2015.dao.ProducerDao #countCarsByProducerId([0]): Integer:3 in 21 ms
22 мар 2016 23:16:09,093[main] INFO  - com.epam.brest.course2015.dao.ProducerDao #getTotalCount([]): Integer:2 in 2 ms
22 мар 2016 23:16:09,148[main] INFO  - com.epam.brest.course2015.dao.ProducerDao #deleteProducer([0]): void in 53 ms
22 мар 2016 23:16:09,169[main] INFO  - com.epam.brest.course2015.dao.ProducerDao #getTotalCount([]): Integer:1 in 20 ms
22 мар 2016 23:16:09,182[main] INFO  - com.epam.brest.course2015.dao.ProducerDao #deleteAllCarsWithProducerId([0]): void in 2 ms
22 мар 2016 23:16:09,206[main] INFO  - com.epam.brest.course2015.dao.ProducerDao #getAllProducers([]): ArrayList:[Producer: {producerId=0, producerName='toyota, country=Korea, countOfCars=0
Cars: null}, Producer: {producerId=1, producerName='toyot, country=Kor, countOfCars=0
Cars: null}] in 15 ms
22 мар 2016 23:16:09,246[main] INFO  - com.epam.brest.course2015.dao.ProducerDao #addProducer([Producer: {producerId=2, producerName='newProducer, country=newCountry, countOfCars=0
Cars: null}]): Integer:2 in 19 ms
22 мар 2016 23:16:09,402[main] INFO  - com.epam.brest.course2015.dao.ProducerDao #updateProducer([Producer: {producerId=0, producerName='updatedProducer, country=updatedCountry, countOfCars=3
Cars: [Car: {carId=0, carName='5dr, dateOfCreation=2015-10-14, producerId=0, producerName=updatedProducer}, Car: {carId=1, carName='3hr, dateOfCreation=2015-10-13, producerId=0, producerName=updatedProducer}, Car: {carId=2, carName='6ks, dateOfCreation=2015-10-11, producerId=0, producerName=updatedProducer}]}]): void in 134 ms
22 мар 2016 23:16:09,414[main] INFO  - com.epam.brest.course2015.dao.ProducerDao #getProducerById([0]): Producer:Producer: {producerId=0, producerName='updatedProducer, country=updatedCountry, countOfCars=0
Cars: null} in 8 ms
22 мар 2016 23:16:09,432[main] INFO  - com.epam.brest.course2015.dao.ProducerDao #getProducerById([0]): Producer:Producer: {producerId=0, producerName='toyota, country=Korea, countOfCars=0
Cars: null} in 6 ms
22 мар 2016 23:16:09,508[main] INFO  - com.epam.brest.course2015.dao.CarDao #getCountOfCarsByProducerId([0]): Integer:3 in 2 ms
22 мар 2016 23:16:09,523[main] INFO  - com.epam.brest.course2015.dao.CarDao #getCountCarsById([0]): Integer:1 in 4 ms
22 мар 2016 23:16:09,540[main] INFO  - com.epam.brest.course2015.dao.CarDao #getPagingList([1, 2]): ArrayList:[Car: {carId=1, carName='3hr, dateOfCreation=2015-10-13, producerId=0, producerName=toyota}, Car: {carId=2, carName='6ks, dateOfCreation=2015-10-11, producerId=0, producerName=toyota}] in 9 ms
22 мар 2016 23:16:09,565[main] INFO  - com.epam.brest.course2015.dao.CarDao #updateCar([Car: {carId=0, carName='updatedCar, dateOfCreation=2013-02-23, producerId=no, producerName=no}]): void in 11 ms
22 мар 2016 23:16:09,572[main] INFO  - com.epam.brest.course2015.dao.CarDao #getCarById([0]): Car:Car: {carId=0, carName='updatedCar, dateOfCreation=2013-02-23, producerId=no, producerName=no} in 0 ms
22 мар 2016 23:16:09,587[main] INFO  - com.epam.brest.course2015.dao.CarDao #getAllCars([]): ArrayList:[Car: {carId=0, carName='5dr, dateOfCreation=2015-10-14, producerId=0, producerName=toyota}, Car: {carId=1, carName='3hr, dateOfCreation=2015-10-13, producerId=0, producerName=toyota}, Car: {carId=2, carName='6ks, dateOfCreation=2015-10-11, producerId=0, producerName=toyota}] in 5 ms
22 мар 2016 23:16:09,599[main] INFO  - com.epam.brest.course2015.dao.CarDao #deleteCar([1]): void in 3 ms
22 мар 2016 23:16:09,600[main] INFO  - com.epam.brest.course2015.dao.CarDao #getCarById([1]): void in 0 ms
22 мар 2016 23:16:09,621[main] INFO  - com.epam.brest.course2015.dao.CarDao #getListOfCarsByDateOfCreation([2015-10-12, 2015-10-15]): ArrayList:[Car: {carId=0, carName='5dr, dateOfCreation=2015-10-14, producerId=0, producerName=toyota}, Car: {carId=1, carName='3hr, dateOfCreation=2015-10-13, producerId=0, producerName=toyota}] in 11 ms
22 мар 2016 23:16:09,636[main] INFO  - com.epam.brest.course2015.dao.CarDao #getTotalCount([]): Integer:3 in 5 ms
22 мар 2016 23:16:09,646[main] INFO  - com.epam.brest.course2015.dao.CarDao #getCarById([1]): Car:Car: {carId=1, carName='3hr, dateOfCreation=2015-10-13, producerId=0, producerName=toyota} in 3 ms
22 мар 2016 23:16:09,659[main] INFO  - com.epam.brest.course2015.dao.CarDao #addCar([Car: {carId=3, carName='newCar, dateOfCreation=2015-06-23, producerId=1, producerName=toyot}]): Integer:3 in 4 ms
23 мар 2016 13:47:14,524[main] INFO  - com.epam.brest.course2015.dao.ProducerDao #getTotalCount([]): Integer:2 in 183 ms
23 мар 2016 13:47:14,572[main] INFO  - com.epam.brest.course2015.dao.ProducerDao #countCarsByProducerId([0]): Integer:3 in 21 ms
23 мар 2016 13:47:14,581[main] INFO  - com.epam.brest.course2015.dao.ProducerDao #getTotalCount([]): Integer:2 in 1 ms
23 мар 2016 13:47:14,639[main] INFO  - com.epam.brest.course2015.dao.ProducerDao #deleteProducer([0]): void in 56 ms
23 мар 2016 13:47:14,670[main] INFO  - com.epam.brest.course2015.dao.ProducerDao #getTotalCount([]): Integer:1 in 30 ms
23 мар 2016 13:47:14,684[main] INFO  - com.epam.brest.course2015.dao.ProducerDao #deleteAllCarsWithProducerId([0]): void in 2 ms
23 мар 2016 13:47:14,711[main] INFO  - com.epam.brest.course2015.dao.ProducerDao #getAllProducers([]): ArrayList:[Producer: {producerId=0, producerName='toyota, country=Korea, countOfCars=0
Cars: null}, Producer: {producerId=1, producerName='toyot, country=Kor, countOfCars=0
Cars: null}] in 16 ms
23 мар 2016 13:47:14,745[main] INFO  - com.epam.brest.course2015.dao.ProducerDao #addProducer([Producer: {producerId=2, producerName='newProducer, country=newCountry, countOfCars=0
Cars: null}]): Integer:2 in 19 ms
23 мар 2016 13:47:14,872[main] INFO  - com.epam.brest.course2015.dao.ProducerDao #updateProducer([Producer: {producerId=0, producerName='updatedProducer, country=updatedCountry, countOfCars=3
Cars: [Car: {carId=0, carName='5dr, dateOfCreation=2015-10-14, producerId=0, producerName=updatedProducer}, Car: {carId=1, carName='3hr, dateOfCreation=2015-10-13, producerId=0, producerName=updatedProducer}, Car: {carId=2, carName='6ks, dateOfCreation=2015-10-11, producerId=0, producerName=updatedProducer}]}]): void in 114 ms
23 мар 2016 13:47:14,877[main] INFO  - com.epam.brest.course2015.dao.ProducerDao #getProducerById([0]): Producer:Producer: {producerId=0, producerName='updatedProducer, country=updatedCountry, countOfCars=0
Cars: null} in 3 ms
23 мар 2016 13:47:14,889[main] INFO  - com.epam.brest.course2015.dao.ProducerDao #getProducerById([0]): Producer:Producer: {producerId=0, producerName='toyota, country=Korea, countOfCars=0
Cars: null} in 4 ms
23 мар 2016 13:47:14,946[main] INFO  - com.epam.brest.course2015.dao.CarDao #getCountOfCarsByProducerId([0]): Integer:3 in 1 ms
23 мар 2016 13:47:14,959[main] INFO  - com.epam.brest.course2015.dao.CarDao #getCountCarsById([0]): Integer:1 in 4 ms
23 мар 2016 13:47:14,975[main] INFO  - com.epam.brest.course2015.dao.CarDao #getPagingList([1, 2]): ArrayList:[Car: {carId=1, carName='3hr, dateOfCreation=2015-10-13, producerId=0, producerName=toyota}, Car: {carId=2, carName='6ks, dateOfCreation=2015-10-11, producerId=0, producerName=toyota}] in 8 ms
23 мар 2016 13:47:14,988[main] INFO  - com.epam.brest.course2015.dao.CarDao #updateCar([Car: {carId=0, carName='updatedCar, dateOfCreation=2013-02-23, producerId=no, producerName=no}]): void in 4 ms
23 мар 2016 13:47:14,990[main] INFO  - com.epam.brest.course2015.dao.CarDao #getCarById([0]): Car:Car: {carId=0, carName='updatedCar, dateOfCreation=2013-02-23, producerId=no, producerName=no} in 0 ms
23 мар 2016 13:47:15,002[main] INFO  - com.epam.brest.course2015.dao.CarDao #getAllCars([]): ArrayList:[Car: {carId=0, carName='5dr, dateOfCreation=2015-10-14, producerId=0, producerName=toyota}, Car: {carId=1, carName='3hr, dateOfCreation=2015-10-13, producerId=0, producerName=toyota}, Car: {carId=2, carName='6ks, dateOfCreation=2015-10-11, producerId=0, producerName=toyota}] in 4 ms
23 мар 2016 13:47:15,012[main] INFO  - com.epam.brest.course2015.dao.CarDao #deleteCar([1]): void in 3 ms
23 мар 2016 13:47:15,013[main] INFO  - com.epam.brest.course2015.dao.CarDao #getCarById([1]): void in 0 ms
23 мар 2016 13:47:15,031[main] INFO  - com.epam.brest.course2015.dao.CarDao #getListOfCarsByDateOfCreation([2015-10-12, 2015-10-15]): ArrayList:[Car: {carId=0, carName='5dr, dateOfCreation=2015-10-14, producerId=0, producerName=toyota}, Car: {carId=1, carName='3hr, dateOfCreation=2015-10-13, producerId=0, producerName=toyota}] in 10 ms
23 мар 2016 13:47:15,042[main] INFO  - com.epam.brest.course2015.dao.CarDao #getTotalCount([]): Integer:3 in 4 ms
23 мар 2016 13:47:15,051[main] INFO  - com.epam.brest.course2015.dao.CarDao #getCarById([1]): Car:Car: {carId=1, carName='3hr, dateOfCreation=2015-10-13, producerId=0, producerName=toyota} in 3 ms
23 мар 2016 13:47:15,061[main] INFO  - com.epam.brest.course2015.dao.CarDao #addCar([Car: {carId=3, carName='newCar, dateOfCreation=2015-06-23, producerId=1, producerName=toyot}]): Integer:3 in 3 ms
